2025-08-07 12:14:30.052 +08:00 [INF] User profile is available. Using 'C:\Users\jeffr\AppData\Local\ASP.NET\DataProtection-Keys' as key repository and Windows DPAPI to encrypt keys at rest.
2025-08-07 12:14:30.160 +08:00 [INF] Now listening on: http://localhost:5140
2025-08-07 12:14:30.164 +08:00 [INF] Application started. Press Ctrl+C to shut down.
2025-08-07 12:14:30.165 +08:00 [INF] Hosting environment: Development
2025-08-07 12:14:30.165 +08:00 [INF] Content root path: C:\Users\jeffr\Documents\Programming\TeenyWeenyURL\TeenyWeenyURL
2025-08-07 12:14:31.416 +08:00 [INF] Request starting HTTP/1.1 GET http://localhost:5140/swagger/index.html - null null
2025-08-07 12:14:31.564 +08:00 [INF] Request finished HTTP/1.1 GET http://localhost:5140/swagger/index.html - 200 null text/html;charset=utf-8 149.8163ms
2025-08-07 12:14:31.704 +08:00 [INF] Request starting HTTP/1.1 GET http://localhost:5140/swagger/v1/swagger.json - null null
2025-08-07 12:14:31.921 +08:00 [INF] Request finished HTTP/1.1 GET http://localhost:5140/swagger/v1/swagger.json - 200 null application/json;charset=utf-8 217.252ms
2025-08-07 12:14:41.672 +08:00 [INF] Request starting HTTP/1.1 POST http://localhost:5140/api/Auth/register - application/json 61
2025-08-07 12:14:41.712 +08:00 [INF] CORS policy execution failed.
2025-08-07 12:14:41.713 +08:00 [INF] Request origin http://localhost:5140 does not have permission to access the resource.
2025-08-07 12:14:41.715 +08:00 [WRN] Failed to determine the https port for redirect.
2025-08-07 12:14:41.718 +08:00 [INF] Executing endpoint 'TeenyWeenyURL.Controller.AuthController.Register (TeenyWeenyURL)'
2025-08-07 12:14:41.756 +08:00 [INF] Route matched with {action = "Register", controller = "Auth"}. Executing controller action with signature System.Threading.Tasks.Task`1[Microsoft.AspNetCore.Mvc.IActionResult] Register(TeenyWeenyURL.Model.DTO.CreateUserRequest) on controller TeenyWeenyURL.Controller.AuthController (TeenyWeenyURL).
2025-08-07 12:14:41.928 +08:00 [INF] Executing BadRequestObjectResult, writing value of type 'Microsoft.AspNetCore.Mvc.ValidationProblemDetails'.
2025-08-07 12:14:41.956 +08:00 [INF] Executed action TeenyWeenyURL.Controller.AuthController.Register (TeenyWeenyURL) in 195.2506ms
2025-08-07 12:14:41.957 +08:00 [INF] Executed endpoint 'TeenyWeenyURL.Controller.AuthController.Register (TeenyWeenyURL)'
2025-08-07 12:14:41.959 +08:00 [INF] HTTP POST /api/Auth/register responded 400 in 272.5972 ms
2025-08-07 12:14:41.963 +08:00 [INF] Request finished HTTP/1.1 POST http://localhost:5140/api/Auth/register - 400 null application/problem+json; charset=utf-8 290.856ms
2025-08-07 12:15:14.854 +08:00 [INF] Request starting HTTP/1.1 POST http://localhost:5140/api/Auth/register - application/json 53
2025-08-07 12:15:14.863 +08:00 [INF] CORS policy execution failed.
2025-08-07 12:15:14.864 +08:00 [INF] Request origin http://localhost:5140 does not have permission to access the resource.
2025-08-07 12:15:14.867 +08:00 [INF] Executing endpoint 'TeenyWeenyURL.Controller.AuthController.Register (TeenyWeenyURL)'
2025-08-07 12:15:14.869 +08:00 [INF] Route matched with {action = "Register", controller = "Auth"}. Executing controller action with signature System.Threading.Tasks.Task`1[Microsoft.AspNetCore.Mvc.IActionResult] Register(TeenyWeenyURL.Model.DTO.CreateUserRequest) on controller TeenyWeenyURL.Controller.AuthController (TeenyWeenyURL).
2025-08-07 12:15:14.881 +08:00 [INF] Executing BadRequestObjectResult, writing value of type 'Microsoft.AspNetCore.Mvc.ValidationProblemDetails'.
2025-08-07 12:15:14.951 +08:00 [INF] Executed action TeenyWeenyURL.Controller.AuthController.Register (TeenyWeenyURL) in 79.3661ms
2025-08-07 12:15:14.953 +08:00 [INF] Executed endpoint 'TeenyWeenyURL.Controller.AuthController.Register (TeenyWeenyURL)'
2025-08-07 12:15:14.953 +08:00 [INF] HTTP POST /api/Auth/register responded 400 in 92.2483 ms
2025-08-07 12:15:14.955 +08:00 [INF] Request finished HTTP/1.1 POST http://localhost:5140/api/Auth/register - 400 null application/problem+json; charset=utf-8 100.2132ms
2025-08-07 12:15:34.981 +08:00 [INF] Request starting HTTP/1.1 POST http://localhost:5140/api/Auth/register - application/json 53
2025-08-07 12:15:34.985 +08:00 [INF] CORS policy execution failed.
2025-08-07 12:15:34.985 +08:00 [INF] Request origin http://localhost:5140 does not have permission to access the resource.
2025-08-07 12:15:34.986 +08:00 [INF] Executing endpoint 'TeenyWeenyURL.Controller.AuthController.Register (TeenyWeenyURL)'
2025-08-07 12:15:34.989 +08:00 [INF] Route matched with {action = "Register", controller = "Auth"}. Executing controller action with signature System.Threading.Tasks.Task`1[Microsoft.AspNetCore.Mvc.IActionResult] Register(TeenyWeenyURL.Model.DTO.CreateUserRequest) on controller TeenyWeenyURL.Controller.AuthController (TeenyWeenyURL).
2025-08-07 12:15:34.996 +08:00 [INF] Executing BadRequestObjectResult, writing value of type 'Microsoft.AspNetCore.Mvc.ValidationProblemDetails'.
2025-08-07 12:15:34.997 +08:00 [INF] Executed action TeenyWeenyURL.Controller.AuthController.Register (TeenyWeenyURL) in 5.9508ms
2025-08-07 12:15:34.999 +08:00 [INF] Executed endpoint 'TeenyWeenyURL.Controller.AuthController.Register (TeenyWeenyURL)'
2025-08-07 12:15:34.999 +08:00 [INF] HTTP POST /api/Auth/register responded 400 in 16.3561 ms
2025-08-07 12:15:35.001 +08:00 [INF] Request finished HTTP/1.1 POST http://localhost:5140/api/Auth/register - 400 null application/problem+json; charset=utf-8 19.4376ms
2025-08-07 12:16:17.219 +08:00 [INF] Request starting HTTP/1.1 POST http://localhost:5140/api/Auth/login - application/json 53
2025-08-07 12:16:17.222 +08:00 [INF] CORS policy execution failed.
2025-08-07 12:16:17.223 +08:00 [INF] Request origin http://localhost:5140 does not have permission to access the resource.
2025-08-07 12:16:17.224 +08:00 [INF] Executing endpoint 'TeenyWeenyURL.Controller.AuthController.Login (TeenyWeenyURL)'
2025-08-07 12:16:17.229 +08:00 [INF] Route matched with {action = "Login", controller = "Auth"}. Executing controller action with signature System.Threading.Tasks.Task`1[Microsoft.AspNetCore.Mvc.IActionResult] Login(TeenyWeenyURL.Model.DTO.LoginUserRequest) on controller TeenyWeenyURL.Controller.AuthController (TeenyWeenyURL).
2025-08-07 12:16:17.238 +08:00 [INF] User login attempt: gorelseal
2025-08-07 12:16:18.261 +08:00 [INF] Executed DbCommand (47ms) [Parameters=[@__request_Username_0='?'], CommandType='"Text"', CommandTimeout='30']
SELECT u."Id", u."CreatedAt", u."Password", u."Username"
FROM "Users" AS u
WHERE u."Username" = @__request_Username_0
LIMIT 1
2025-08-07 12:16:18.638 +08:00 [INF] User logged in successfully: gorelseal
2025-08-07 12:16:18.640 +08:00 [INF] Executing OkObjectResult, writing value of type '<>f__AnonymousType2`2[[System.String, System.Private.CoreLib, Version=8.0.0.0, Culture=neutral, PublicKeyToken=7cec85d7bea7798e],[System.String, System.Private.CoreLib, Version=8.0.0.0, Culture=neutral, PublicKeyToken=7cec85d7bea7798e]]'.
2025-08-07 12:16:18.648 +08:00 [INF] Executed action TeenyWeenyURL.Controller.AuthController.Login (TeenyWeenyURL) in 1415.8365ms
2025-08-07 12:16:18.649 +08:00 [INF] Executed endpoint 'TeenyWeenyURL.Controller.AuthController.Login (TeenyWeenyURL)'
2025-08-07 12:16:18.651 +08:00 [INF] HTTP POST /api/Auth/login responded 200 in 1428.5011 ms
2025-08-07 12:16:18.660 +08:00 [INF] Request finished HTTP/1.1 POST http://localhost:5140/api/Auth/login - 200 null application/json; charset=utf-8 1440.3125ms
2025-08-07 12:17:24.523 +08:00 [INF] Request starting HTTP/1.1 POST http://localhost:5140/api/Auth/register - application/json 53
2025-08-07 12:17:24.559 +08:00 [INF] CORS policy execution failed.
2025-08-07 12:17:24.559 +08:00 [INF] Request origin http://localhost:5140 does not have permission to access the resource.
2025-08-07 12:17:24.560 +08:00 [INF] Executing endpoint 'TeenyWeenyURL.Controller.AuthController.Register (TeenyWeenyURL)'
2025-08-07 12:17:24.561 +08:00 [INF] Route matched with {action = "Register", controller = "Auth"}. Executing controller action with signature System.Threading.Tasks.Task`1[Microsoft.AspNetCore.Mvc.IActionResult] Register(TeenyWeenyURL.Model.DTO.CreateUserRequest) on controller TeenyWeenyURL.Controller.AuthController (TeenyWeenyURL).
2025-08-07 12:17:24.563 +08:00 [INF] Executing BadRequestObjectResult, writing value of type 'Microsoft.AspNetCore.Mvc.ValidationProblemDetails'.
2025-08-07 12:17:24.565 +08:00 [INF] Executed action TeenyWeenyURL.Controller.AuthController.Register (TeenyWeenyURL) in 2.5898ms
2025-08-07 12:17:24.566 +08:00 [INF] Executed endpoint 'TeenyWeenyURL.Controller.AuthController.Register (TeenyWeenyURL)'
2025-08-07 12:17:24.567 +08:00 [INF] HTTP POST /api/Auth/register responded 400 in 41.4988 ms
2025-08-07 12:17:24.568 +08:00 [INF] Request finished HTTP/1.1 POST http://localhost:5140/api/Auth/register - 400 null application/problem+json; charset=utf-8 45.2749ms
2025-08-07 12:18:32.119 +08:00 [INF] Application is shutting down...
2025-08-07 12:18:35.924 +08:00 [INF] User profile is available. Using 'C:\Users\jeffr\AppData\Local\ASP.NET\DataProtection-Keys' as key repository and Windows DPAPI to encrypt keys at rest.
2025-08-07 12:18:36.032 +08:00 [INF] Now listening on: http://localhost:5140
2025-08-07 12:18:36.035 +08:00 [INF] Application started. Press Ctrl+C to shut down.
2025-08-07 12:18:36.036 +08:00 [INF] Hosting environment: Development
2025-08-07 12:18:36.037 +08:00 [INF] Content root path: C:\Users\jeffr\Documents\Programming\TeenyWeenyURL\TeenyWeenyURL
2025-08-07 12:18:41.955 +08:00 [INF] Request starting HTTP/1.1 POST http://localhost:5140/api/Auth/register - application/json 53
2025-08-07 12:18:42.067 +08:00 [INF] CORS policy execution failed.
2025-08-07 12:18:42.068 +08:00 [INF] Request origin http://localhost:5140 does not have permission to access the resource.
2025-08-07 12:18:42.070 +08:00 [WRN] Failed to determine the https port for redirect.
2025-08-07 12:18:42.071 +08:00 [INF] Executing endpoint 'TeenyWeenyURL.Controller.AuthController.Register (TeenyWeenyURL)'
2025-08-07 12:18:42.090 +08:00 [INF] Route matched with {action = "Register", controller = "Auth"}. Executing controller action with signature System.Threading.Tasks.Task`1[Microsoft.AspNetCore.Mvc.IActionResult] Register(TeenyWeenyURL.Model.DTO.CreateUserRequest) on controller TeenyWeenyURL.Controller.AuthController (TeenyWeenyURL).
2025-08-07 12:18:42.230 +08:00 [INF] User registration attempt: Daiki
2025-08-07 12:18:43.023 +08:00 [INF] Executed DbCommand (39ms) [Parameters=[@__request_Username_0='?'], CommandType='"Text"', CommandTimeout='30']
SELECT EXISTS (
    SELECT 1
    FROM "Users" AS u
    WHERE u."Username" = @__request_Username_0)
2025-08-07 12:18:43.474 +08:00 [INF] Executed DbCommand (18ms) [Parameters=[@p0='?' (DbType = DateTime), @p1='?', @p2='?'], CommandType='"Text"', CommandTimeout='30']
INSERT INTO "Users" ("CreatedAt", "Password", "Username")
VALUES (@p0, @p1, @p2)
RETURNING "Id";
2025-08-07 12:18:43.493 +08:00 [INF] User registered successfully: Daiki with ID: 2
2025-08-07 12:18:43.500 +08:00 [INF] Executing OkObjectResult, writing value of type '<>f__AnonymousType1`3[[System.Int32, System.Private.CoreLib, Version=8.0.0.0, Culture=neutral, PublicKeyToken=7cec85d7bea7798e],[System.String, System.Private.CoreLib, Version=8.0.0.0, Culture=neutral, PublicKeyToken=7cec85d7bea7798e],[System.DateTime, System.Private.CoreLib, Version=8.0.0.0, Culture=neutral, PublicKeyToken=7cec85d7bea7798e]]'.
2025-08-07 12:18:43.531 +08:00 [INF] Executed action TeenyWeenyURL.Controller.AuthController.Register (TeenyWeenyURL) in 1434.1806ms
2025-08-07 12:18:43.533 +08:00 [INF] Executed endpoint 'TeenyWeenyURL.Controller.AuthController.Register (TeenyWeenyURL)'
2025-08-07 12:18:43.536 +08:00 [INF] HTTP POST /api/Auth/register responded 200 in 1533.2836 ms
2025-08-07 12:18:43.544 +08:00 [INF] Request finished HTTP/1.1 POST http://localhost:5140/api/Auth/register - 200 null application/json; charset=utf-8 1590.0204ms
2025-08-07 12:19:00.213 +08:00 [INF] Request starting HTTP/1.1 POST http://localhost:5140/api/Auth/login - application/json 53
2025-08-07 12:19:00.218 +08:00 [INF] CORS policy execution failed.
2025-08-07 12:19:00.218 +08:00 [INF] Request origin http://localhost:5140 does not have permission to access the resource.
2025-08-07 12:19:00.219 +08:00 [INF] Executing endpoint 'TeenyWeenyURL.Controller.AuthController.Login (TeenyWeenyURL)'
2025-08-07 12:19:00.231 +08:00 [INF] Route matched with {action = "Login", controller = "Auth"}. Executing controller action with signature System.Threading.Tasks.Task`1[Microsoft.AspNetCore.Mvc.IActionResult] Login(TeenyWeenyURL.Model.DTO.LoginUserRequest) on controller TeenyWeenyURL.Controller.AuthController (TeenyWeenyURL).
2025-08-07 12:19:00.236 +08:00 [INF] User login attempt: Daiki
2025-08-07 12:19:00.321 +08:00 [INF] Executed DbCommand (1ms) [Parameters=[@__request_Username_0='?'], CommandType='"Text"', CommandTimeout='30']
SELECT u."Id", u."CreatedAt", u."Password", u."Username"
FROM "Users" AS u
WHERE u."Username" = @__request_Username_0
LIMIT 1
2025-08-07 12:19:00.635 +08:00 [INF] User logged in successfully: Daiki
2025-08-07 12:19:00.637 +08:00 [INF] Executing OkObjectResult, writing value of type '<>f__AnonymousType2`2[[System.String, System.Private.CoreLib, Version=8.0.0.0, Culture=neutral, PublicKeyToken=7cec85d7bea7798e],[System.String, System.Private.CoreLib, Version=8.0.0.0, Culture=neutral, PublicKeyToken=7cec85d7bea7798e]]'.
2025-08-07 12:19:00.640 +08:00 [INF] Executed action TeenyWeenyURL.Controller.AuthController.Login (TeenyWeenyURL) in 407.6673ms
2025-08-07 12:19:00.641 +08:00 [INF] Executed endpoint 'TeenyWeenyURL.Controller.AuthController.Login (TeenyWeenyURL)'
2025-08-07 12:19:00.642 +08:00 [INF] HTTP POST /api/Auth/login responded 200 in 425.9723 ms
2025-08-07 12:19:00.645 +08:00 [INF] Request finished HTTP/1.1 POST http://localhost:5140/api/Auth/login - 200 null application/json; charset=utf-8 431.3853ms
2025-08-07 12:19:30.844 +08:00 [INF] Request starting HTTP/1.1 GET http://localhost:5140/api/ShortUrls/all-urls?page=1&pageSize=10 - null null
2025-08-07 12:19:30.859 +08:00 [INF] Executing endpoint 'TeenyWeenyURL.Controller.ShortUrlsController.GetShortUrlPerUserId (TeenyWeenyURL)'
2025-08-07 12:19:30.863 +08:00 [INF] Route matched with {action = "GetShortUrlPerUserId", controller = "ShortUrls"}. Executing controller action with signature System.Threading.Tasks.Task`1[Microsoft.AspNetCore.Mvc.IActionResult] GetShortUrlPerUserId(Int32, Int32) on controller TeenyWeenyURL.Controller.ShortUrlsController (TeenyWeenyURL).
2025-08-07 12:19:30.872 +08:00 [INF] Retrieving short URLs for user 2 - Page: 1, PageSize: 10
2025-08-07 12:19:30.922 +08:00 [INF] Executed DbCommand (10ms) [Parameters=[@__id_0='?' (DbType = Int32)], CommandType='"Text"', CommandTimeout='30']
SELECT count(*)::int
FROM "ShortUrls" AS s
WHERE s."UserId" = @__id_0
2025-08-07 12:19:30.943 +08:00 [INF] Executed DbCommand (2ms) [Parameters=[@__id_0='?' (DbType = Int32), @__p_2='?' (DbType = Int32), @__p_1='?' (DbType = Int32)], CommandType='"Text"', CommandTimeout='30']
SELECT s."ShortCode", s."OriginalUrl", s."Clicks", s."CreatedAt"
FROM "ShortUrls" AS s
WHERE s."UserId" = @__id_0
ORDER BY s."CreatedAt" DESC
LIMIT @__p_2 OFFSET @__p_1
2025-08-07 12:19:30.946 +08:00 [INF] No short URLs found for user 2
2025-08-07 12:19:30.946 +08:00 [INF] Executing NotFoundObjectResult, writing value of type '<>f__AnonymousType0`1[[System.String, System.Private.CoreLib, Version=8.0.0.0, Culture=neutral, PublicKeyToken=7cec85d7bea7798e]]'.
2025-08-07 12:19:30.948 +08:00 [INF] Executed action TeenyWeenyURL.Controller.ShortUrlsController.GetShortUrlPerUserId (TeenyWeenyURL) in 83.4237ms
2025-08-07 12:19:30.949 +08:00 [INF] Executed endpoint 'TeenyWeenyURL.Controller.ShortUrlsController.GetShortUrlPerUserId (TeenyWeenyURL)'
2025-08-07 12:19:30.950 +08:00 [INF] HTTP GET /api/ShortUrls/all-urls responded 404 in 99.5167 ms
2025-08-07 12:19:30.951 +08:00 [INF] Request finished HTTP/1.1 GET http://localhost:5140/api/ShortUrls/all-urls?page=1&pageSize=10 - 404 null application/json; charset=utf-8 106.6153ms
2025-08-07 12:19:44.074 +08:00 [INF] Request starting HTTP/1.1 POST http://localhost:5140/api/Auth/login - application/json 53
2025-08-07 12:19:44.077 +08:00 [INF] CORS policy execution failed.
2025-08-07 12:19:44.077 +08:00 [INF] Request origin http://localhost:5140 does not have permission to access the resource.
2025-08-07 12:19:44.078 +08:00 [INF] Executing endpoint 'TeenyWeenyURL.Controller.AuthController.Login (TeenyWeenyURL)'
2025-08-07 12:19:44.079 +08:00 [INF] Route matched with {action = "Login", controller = "Auth"}. Executing controller action with signature System.Threading.Tasks.Task`1[Microsoft.AspNetCore.Mvc.IActionResult] Login(TeenyWeenyURL.Model.DTO.LoginUserRequest) on controller TeenyWeenyURL.Controller.AuthController (TeenyWeenyURL).
2025-08-07 12:19:44.085 +08:00 [INF] User login attempt: gorelseal
2025-08-07 12:19:44.095 +08:00 [INF] Executed DbCommand (1ms) [Parameters=[@__request_Username_0='?'], CommandType='"Text"', CommandTimeout='30']
SELECT u."Id", u."CreatedAt", u."Password", u."Username"
FROM "Users" AS u
WHERE u."Username" = @__request_Username_0
LIMIT 1
2025-08-07 12:19:44.245 +08:00 [INF] User logged in successfully: gorelseal
2025-08-07 12:19:44.246 +08:00 [INF] Executing OkObjectResult, writing value of type '<>f__AnonymousType2`2[[System.String, System.Private.CoreLib, Version=8.0.0.0, Culture=neutral, PublicKeyToken=7cec85d7bea7798e],[System.String, System.Private.CoreLib, Version=8.0.0.0, Culture=neutral, PublicKeyToken=7cec85d7bea7798e]]'.
2025-08-07 12:19:44.247 +08:00 [INF] Executed action TeenyWeenyURL.Controller.AuthController.Login (TeenyWeenyURL) in 166.4522ms
2025-08-07 12:19:44.248 +08:00 [INF] Executed endpoint 'TeenyWeenyURL.Controller.AuthController.Login (TeenyWeenyURL)'
2025-08-07 12:19:44.249 +08:00 [INF] HTTP POST /api/Auth/login responded 200 in 172.5632 ms
2025-08-07 12:19:44.250 +08:00 [INF] Request finished HTTP/1.1 POST http://localhost:5140/api/Auth/login - 200 null application/json; charset=utf-8 175.6311ms
2025-08-07 12:20:06.007 +08:00 [INF] Request starting HTTP/1.1 POST http://localhost:5140/api/ShortUrls/create-twurl - application/json 102
2025-08-07 12:20:06.011 +08:00 [INF] CORS policy execution failed.
2025-08-07 12:20:06.011 +08:00 [INF] Request origin http://localhost:5140 does not have permission to access the resource.
2025-08-07 12:20:06.012 +08:00 [INF] Executing endpoint 'TeenyWeenyURL.Controller.ShortUrlsController.CreateShortUrl (TeenyWeenyURL)'
2025-08-07 12:20:06.017 +08:00 [INF] Route matched with {action = "CreateShortUrl", controller = "ShortUrls"}. Executing controller action with signature System.Threading.Tasks.Task`1[Microsoft.AspNetCore.Mvc.IActionResult] CreateShortUrl(TeenyWeenyURL.Model.DTO.CreateShortUrlRequest) on controller TeenyWeenyURL.Controller.ShortUrlsController (TeenyWeenyURL).
2025-08-07 12:20:06.025 +08:00 [INF] Creating short URL for user 1 with original URL: https://www.example.com/very-long-url-that-needs-to-be-shortened
2025-08-07 12:20:06.050 +08:00 [INF] Executed DbCommand (8ms) [Parameters=[@p0='?' (DbType = Int32), @p1='?' (DbType = DateTime), @p2='?', @p3='?', @p4='?' (DbType = Int32)], CommandType='"Text"', CommandTimeout='30']
INSERT INTO "ShortUrls" ("Clicks", "CreatedAt", "OriginalUrl", "ShortCode", "UserId")
VALUES (@p0, @p1, @p2, @p3, @p4)
RETURNING "Id";
2025-08-07 12:20:06.055 +08:00 [INF] Short URL created successfully for user 1 with code: 393683
2025-08-07 12:20:06.057 +08:00 [INF] Executing OkObjectResult, writing value of type '<>f__AnonymousType3`1[[System.String, System.Private.CoreLib, Version=8.0.0.0, Culture=neutral, PublicKeyToken=7cec85d7bea7798e]]'.
2025-08-07 12:20:06.058 +08:00 [INF] Executed action TeenyWeenyURL.Controller.ShortUrlsController.CreateShortUrl (TeenyWeenyURL) in 37.8052ms
2025-08-07 12:20:06.059 +08:00 [INF] Executed endpoint 'TeenyWeenyURL.Controller.ShortUrlsController.CreateShortUrl (TeenyWeenyURL)'
2025-08-07 12:20:06.060 +08:00 [INF] HTTP POST /api/ShortUrls/create-twurl responded 200 in 50.6441 ms
2025-08-07 12:20:06.061 +08:00 [INF] Request finished HTTP/1.1 POST http://localhost:5140/api/ShortUrls/create-twurl - 200 null application/json; charset=utf-8 54.3566ms
2025-08-07 12:20:09.505 +08:00 [INF] Request starting HTTP/1.1 POST http://localhost:5140/api/ShortUrls/create-twurl - application/json 102
2025-08-07 12:20:09.508 +08:00 [INF] CORS policy execution failed.
2025-08-07 12:20:09.508 +08:00 [INF] Request origin http://localhost:5140 does not have permission to access the resource.
2025-08-07 12:20:09.511 +08:00 [INF] Executing endpoint 'TeenyWeenyURL.Controller.ShortUrlsController.CreateShortUrl (TeenyWeenyURL)'
2025-08-07 12:20:09.511 +08:00 [INF] Route matched with {action = "CreateShortUrl", controller = "ShortUrls"}. Executing controller action with signature System.Threading.Tasks.Task`1[Microsoft.AspNetCore.Mvc.IActionResult] CreateShortUrl(TeenyWeenyURL.Model.DTO.CreateShortUrlRequest) on controller TeenyWeenyURL.Controller.ShortUrlsController (TeenyWeenyURL).
2025-08-07 12:20:09.515 +08:00 [INF] Creating short URL for user 1 with original URL: https://www.example.com/very-long-url-that-needs-to-be-shortened
2025-08-07 12:20:09.525 +08:00 [INF] Executed DbCommand (3ms) [Parameters=[@p0='?' (DbType = Int32), @p1='?' (DbType = DateTime), @p2='?', @p3='?', @p4='?' (DbType = Int32)], CommandType='"Text"', CommandTimeout='30']
INSERT INTO "ShortUrls" ("Clicks", "CreatedAt", "OriginalUrl", "ShortCode", "UserId")
VALUES (@p0, @p1, @p2, @p3, @p4)
RETURNING "Id";
2025-08-07 12:20:09.527 +08:00 [INF] Short URL created successfully for user 1 with code: 62f45d
2025-08-07 12:20:09.528 +08:00 [INF] Executing OkObjectResult, writing value of type '<>f__AnonymousType3`1[[System.String, System.Private.CoreLib, Version=8.0.0.0, Culture=neutral, PublicKeyToken=7cec85d7bea7798e]]'.
2025-08-07 12:20:09.529 +08:00 [INF] Executed action TeenyWeenyURL.Controller.ShortUrlsController.CreateShortUrl (TeenyWeenyURL) in 14.8749ms
2025-08-07 12:20:09.530 +08:00 [INF] Executed endpoint 'TeenyWeenyURL.Controller.ShortUrlsController.CreateShortUrl (TeenyWeenyURL)'
2025-08-07 12:20:09.530 +08:00 [INF] HTTP POST /api/ShortUrls/create-twurl responded 200 in 23.6658 ms
2025-08-07 12:20:09.532 +08:00 [INF] Request finished HTTP/1.1 POST http://localhost:5140/api/ShortUrls/create-twurl - 200 null application/json; charset=utf-8 26.8448ms
2025-08-07 12:20:10.170 +08:00 [INF] Request starting HTTP/1.1 POST http://localhost:5140/api/ShortUrls/create-twurl - application/json 102
2025-08-07 12:20:10.172 +08:00 [INF] CORS policy execution failed.
2025-08-07 12:20:10.173 +08:00 [INF] Request origin http://localhost:5140 does not have permission to access the resource.
2025-08-07 12:20:10.174 +08:00 [INF] Executing endpoint 'TeenyWeenyURL.Controller.ShortUrlsController.CreateShortUrl (TeenyWeenyURL)'
2025-08-07 12:20:10.175 +08:00 [INF] Route matched with {action = "CreateShortUrl", controller = "ShortUrls"}. Executing controller action with signature System.Threading.Tasks.Task`1[Microsoft.AspNetCore.Mvc.IActionResult] CreateShortUrl(TeenyWeenyURL.Model.DTO.CreateShortUrlRequest) on controller TeenyWeenyURL.Controller.ShortUrlsController (TeenyWeenyURL).
2025-08-07 12:20:10.177 +08:00 [INF] Creating short URL for user 1 with original URL: https://www.example.com/very-long-url-that-needs-to-be-shortened
2025-08-07 12:20:10.179 +08:00 [INF] Executed DbCommand (1ms) [Parameters=[@p0='?' (DbType = Int32), @p1='?' (DbType = DateTime), @p2='?', @p3='?', @p4='?' (DbType = Int32)], CommandType='"Text"', CommandTimeout='30']
INSERT INTO "ShortUrls" ("Clicks", "CreatedAt", "OriginalUrl", "ShortCode", "UserId")
VALUES (@p0, @p1, @p2, @p3, @p4)
RETURNING "Id";
2025-08-07 12:20:10.181 +08:00 [INF] Short URL created successfully for user 1 with code: 82cbfd
2025-08-07 12:20:10.182 +08:00 [INF] Executing OkObjectResult, writing value of type '<>f__AnonymousType3`1[[System.String, System.Private.CoreLib, Version=8.0.0.0, Culture=neutral, PublicKeyToken=7cec85d7bea7798e]]'.
2025-08-07 12:20:10.183 +08:00 [INF] Executed action TeenyWeenyURL.Controller.ShortUrlsController.CreateShortUrl (TeenyWeenyURL) in 6.7951ms
2025-08-07 12:20:10.184 +08:00 [INF] Executed endpoint 'TeenyWeenyURL.Controller.ShortUrlsController.CreateShortUrl (TeenyWeenyURL)'
2025-08-07 12:20:10.187 +08:00 [INF] HTTP POST /api/ShortUrls/create-twurl responded 200 in 14.5767 ms
2025-08-07 12:20:10.188 +08:00 [INF] Request finished HTTP/1.1 POST http://localhost:5140/api/ShortUrls/create-twurl - 200 null application/json; charset=utf-8 18.2606ms
2025-08-07 12:20:10.550 +08:00 [INF] Request starting HTTP/1.1 POST http://localhost:5140/api/ShortUrls/create-twurl - application/json 102
2025-08-07 12:20:10.553 +08:00 [INF] CORS policy execution failed.
2025-08-07 12:20:10.553 +08:00 [INF] Request origin http://localhost:5140 does not have permission to access the resource.
2025-08-07 12:20:10.555 +08:00 [INF] Executing endpoint 'TeenyWeenyURL.Controller.ShortUrlsController.CreateShortUrl (TeenyWeenyURL)'
2025-08-07 12:20:10.555 +08:00 [INF] Route matched with {action = "CreateShortUrl", controller = "ShortUrls"}. Executing controller action with signature System.Threading.Tasks.Task`1[Microsoft.AspNetCore.Mvc.IActionResult] CreateShortUrl(TeenyWeenyURL.Model.DTO.CreateShortUrlRequest) on controller TeenyWeenyURL.Controller.ShortUrlsController (TeenyWeenyURL).
2025-08-07 12:20:10.557 +08:00 [INF] Creating short URL for user 1 with original URL: https://www.example.com/very-long-url-that-needs-to-be-shortened
2025-08-07 12:20:10.560 +08:00 [INF] Executed DbCommand (1ms) [Parameters=[@p0='?' (DbType = Int32), @p1='?' (DbType = DateTime), @p2='?', @p3='?', @p4='?' (DbType = Int32)], CommandType='"Text"', CommandTimeout='30']
INSERT INTO "ShortUrls" ("Clicks", "CreatedAt", "OriginalUrl", "ShortCode", "UserId")
VALUES (@p0, @p1, @p2, @p3, @p4)
RETURNING "Id";
2025-08-07 12:20:10.562 +08:00 [INF] Short URL created successfully for user 1 with code: 672a5d
2025-08-07 12:20:10.563 +08:00 [INF] Executing OkObjectResult, writing value of type '<>f__AnonymousType3`1[[System.String, System.Private.CoreLib, Version=8.0.0.0, Culture=neutral, PublicKeyToken=7cec85d7bea7798e]]'.
2025-08-07 12:20:10.564 +08:00 [INF] Executed action TeenyWeenyURL.Controller.ShortUrlsController.CreateShortUrl (TeenyWeenyURL) in 7.0841ms
2025-08-07 12:20:10.565 +08:00 [INF] Executed endpoint 'TeenyWeenyURL.Controller.ShortUrlsController.CreateShortUrl (TeenyWeenyURL)'
2025-08-07 12:20:10.566 +08:00 [INF] HTTP POST /api/ShortUrls/create-twurl responded 200 in 13.0417 ms
2025-08-07 12:20:10.567 +08:00 [INF] Request finished HTTP/1.1 POST http://localhost:5140/api/ShortUrls/create-twurl - 200 null application/json; charset=utf-8 16.3134ms
2025-08-07 12:20:10.862 +08:00 [INF] Request starting HTTP/1.1 POST http://localhost:5140/api/ShortUrls/create-twurl - application/json 102
2025-08-07 12:20:10.864 +08:00 [INF] CORS policy execution failed.
2025-08-07 12:20:10.865 +08:00 [INF] Request origin http://localhost:5140 does not have permission to access the resource.
2025-08-07 12:20:10.866 +08:00 [INF] Executing endpoint 'TeenyWeenyURL.Controller.ShortUrlsController.CreateShortUrl (TeenyWeenyURL)'
2025-08-07 12:20:10.866 +08:00 [INF] Route matched with {action = "CreateShortUrl", controller = "ShortUrls"}. Executing controller action with signature System.Threading.Tasks.Task`1[Microsoft.AspNetCore.Mvc.IActionResult] CreateShortUrl(TeenyWeenyURL.Model.DTO.CreateShortUrlRequest) on controller TeenyWeenyURL.Controller.ShortUrlsController (TeenyWeenyURL).
2025-08-07 12:20:10.870 +08:00 [INF] Creating short URL for user 1 with original URL: https://www.example.com/very-long-url-that-needs-to-be-shortened
2025-08-07 12:20:10.873 +08:00 [INF] Executed DbCommand (1ms) [Parameters=[@p0='?' (DbType = Int32), @p1='?' (DbType = DateTime), @p2='?', @p3='?', @p4='?' (DbType = Int32)], CommandType='"Text"', CommandTimeout='30']
INSERT INTO "ShortUrls" ("Clicks", "CreatedAt", "OriginalUrl", "ShortCode", "UserId")
VALUES (@p0, @p1, @p2, @p3, @p4)
RETURNING "Id";
2025-08-07 12:20:10.875 +08:00 [INF] Short URL created successfully for user 1 with code: 2b8859
2025-08-07 12:20:10.876 +08:00 [INF] Executing OkObjectResult, writing value of type '<>f__AnonymousType3`1[[System.String, System.Private.CoreLib, Version=8.0.0.0, Culture=neutral, PublicKeyToken=7cec85d7bea7798e]]'.
2025-08-07 12:20:10.877 +08:00 [INF] Executed action TeenyWeenyURL.Controller.ShortUrlsController.CreateShortUrl (TeenyWeenyURL) in 7.2259ms
2025-08-07 12:20:10.878 +08:00 [INF] Executed endpoint 'TeenyWeenyURL.Controller.ShortUrlsController.CreateShortUrl (TeenyWeenyURL)'
2025-08-07 12:20:10.879 +08:00 [INF] HTTP POST /api/ShortUrls/create-twurl responded 200 in 14.8841 ms
2025-08-07 12:20:10.880 +08:00 [INF] Request finished HTTP/1.1 POST http://localhost:5140/api/ShortUrls/create-twurl - 200 null application/json; charset=utf-8 17.9639ms
2025-08-07 12:20:11.029 +08:00 [INF] Request starting HTTP/1.1 POST http://localhost:5140/api/ShortUrls/create-twurl - application/json 102
2025-08-07 12:20:11.032 +08:00 [INF] CORS policy execution failed.
2025-08-07 12:20:11.033 +08:00 [INF] Request origin http://localhost:5140 does not have permission to access the resource.
2025-08-07 12:20:11.035 +08:00 [INF] Executing endpoint 'TeenyWeenyURL.Controller.ShortUrlsController.CreateShortUrl (TeenyWeenyURL)'
2025-08-07 12:20:11.036 +08:00 [INF] Route matched with {action = "CreateShortUrl", controller = "ShortUrls"}. Executing controller action with signature System.Threading.Tasks.Task`1[Microsoft.AspNetCore.Mvc.IActionResult] CreateShortUrl(TeenyWeenyURL.Model.DTO.CreateShortUrlRequest) on controller TeenyWeenyURL.Controller.ShortUrlsController (TeenyWeenyURL).
2025-08-07 12:20:11.038 +08:00 [INF] Creating short URL for user 1 with original URL: https://www.example.com/very-long-url-that-needs-to-be-shortened
2025-08-07 12:20:11.043 +08:00 [INF] Executed DbCommand (3ms) [Parameters=[@p0='?' (DbType = Int32), @p1='?' (DbType = DateTime), @p2='?', @p3='?', @p4='?' (DbType = Int32)], CommandType='"Text"', CommandTimeout='30']
INSERT INTO "ShortUrls" ("Clicks", "CreatedAt", "OriginalUrl", "ShortCode", "UserId")
VALUES (@p0, @p1, @p2, @p3, @p4)
RETURNING "Id";
2025-08-07 12:20:11.045 +08:00 [INF] Short URL created successfully for user 1 with code: 5a1a96
2025-08-07 12:20:11.045 +08:00 [INF] Executing OkObjectResult, writing value of type '<>f__AnonymousType3`1[[System.String, System.Private.CoreLib, Version=8.0.0.0, Culture=neutral, PublicKeyToken=7cec85d7bea7798e]]'.
2025-08-07 12:20:11.046 +08:00 [INF] Executed action TeenyWeenyURL.Controller.ShortUrlsController.CreateShortUrl (TeenyWeenyURL) in 8.3817ms
2025-08-07 12:20:11.048 +08:00 [INF] Executed endpoint 'TeenyWeenyURL.Controller.ShortUrlsController.CreateShortUrl (TeenyWeenyURL)'
2025-08-07 12:20:11.049 +08:00 [INF] HTTP POST /api/ShortUrls/create-twurl responded 200 in 17.0198 ms
2025-08-07 12:20:11.054 +08:00 [INF] Request finished HTTP/1.1 POST http://localhost:5140/api/ShortUrls/create-twurl - 200 null application/json; charset=utf-8 24.7285ms
2025-08-07 12:20:11.198 +08:00 [INF] Request starting HTTP/1.1 POST http://localhost:5140/api/ShortUrls/create-twurl - application/json 102
2025-08-07 12:20:11.200 +08:00 [INF] CORS policy execution failed.
2025-08-07 12:20:11.201 +08:00 [INF] Request origin http://localhost:5140 does not have permission to access the resource.
2025-08-07 12:20:11.203 +08:00 [INF] Executing endpoint 'TeenyWeenyURL.Controller.ShortUrlsController.CreateShortUrl (TeenyWeenyURL)'
2025-08-07 12:20:11.204 +08:00 [INF] Route matched with {action = "CreateShortUrl", controller = "ShortUrls"}. Executing controller action with signature System.Threading.Tasks.Task`1[Microsoft.AspNetCore.Mvc.IActionResult] CreateShortUrl(TeenyWeenyURL.Model.DTO.CreateShortUrlRequest) on controller TeenyWeenyURL.Controller.ShortUrlsController (TeenyWeenyURL).
2025-08-07 12:20:11.206 +08:00 [INF] Creating short URL for user 1 with original URL: https://www.example.com/very-long-url-that-needs-to-be-shortened
2025-08-07 12:20:11.209 +08:00 [INF] Executed DbCommand (1ms) [Parameters=[@p0='?' (DbType = Int32), @p1='?' (DbType = DateTime), @p2='?', @p3='?', @p4='?' (DbType = Int32)], CommandType='"Text"', CommandTimeout='30']
INSERT INTO "ShortUrls" ("Clicks", "CreatedAt", "OriginalUrl", "ShortCode", "UserId")
VALUES (@p0, @p1, @p2, @p3, @p4)
RETURNING "Id";
2025-08-07 12:20:11.210 +08:00 [INF] Short URL created successfully for user 1 with code: 86da8f
2025-08-07 12:20:11.211 +08:00 [INF] Executing OkObjectResult, writing value of type '<>f__AnonymousType3`1[[System.String, System.Private.CoreLib, Version=8.0.0.0, Culture=neutral, PublicKeyToken=7cec85d7bea7798e]]'.
2025-08-07 12:20:11.212 +08:00 [INF] Executed action TeenyWeenyURL.Controller.ShortUrlsController.CreateShortUrl (TeenyWeenyURL) in 7.462ms
2025-08-07 12:20:11.213 +08:00 [INF] Executed endpoint 'TeenyWeenyURL.Controller.ShortUrlsController.CreateShortUrl (TeenyWeenyURL)'
2025-08-07 12:20:11.214 +08:00 [INF] HTTP POST /api/ShortUrls/create-twurl responded 200 in 14.3089 ms
2025-08-07 12:20:11.216 +08:00 [INF] Request finished HTTP/1.1 POST http://localhost:5140/api/ShortUrls/create-twurl - 200 null application/json; charset=utf-8 17.7053ms
2025-08-07 12:20:11.352 +08:00 [INF] Request starting HTTP/1.1 POST http://localhost:5140/api/ShortUrls/create-twurl - application/json 102
2025-08-07 12:20:11.355 +08:00 [INF] CORS policy execution failed.
2025-08-07 12:20:11.355 +08:00 [INF] Request origin http://localhost:5140 does not have permission to access the resource.
2025-08-07 12:20:11.356 +08:00 [INF] Executing endpoint 'TeenyWeenyURL.Controller.ShortUrlsController.CreateShortUrl (TeenyWeenyURL)'
2025-08-07 12:20:11.357 +08:00 [INF] Route matched with {action = "CreateShortUrl", controller = "ShortUrls"}. Executing controller action with signature System.Threading.Tasks.Task`1[Microsoft.AspNetCore.Mvc.IActionResult] CreateShortUrl(TeenyWeenyURL.Model.DTO.CreateShortUrlRequest) on controller TeenyWeenyURL.Controller.ShortUrlsController (TeenyWeenyURL).
2025-08-07 12:20:11.359 +08:00 [INF] Creating short URL for user 1 with original URL: https://www.example.com/very-long-url-that-needs-to-be-shortened
2025-08-07 12:20:11.362 +08:00 [INF] Executed DbCommand (1ms) [Parameters=[@p0='?' (DbType = Int32), @p1='?' (DbType = DateTime), @p2='?', @p3='?', @p4='?' (DbType = Int32)], CommandType='"Text"', CommandTimeout='30']
INSERT INTO "ShortUrls" ("Clicks", "CreatedAt", "OriginalUrl", "ShortCode", "UserId")
VALUES (@p0, @p1, @p2, @p3, @p4)
RETURNING "Id";
2025-08-07 12:20:11.364 +08:00 [INF] Short URL created successfully for user 1 with code: 469510
2025-08-07 12:20:11.365 +08:00 [INF] Executing OkObjectResult, writing value of type '<>f__AnonymousType3`1[[System.String, System.Private.CoreLib, Version=8.0.0.0, Culture=neutral, PublicKeyToken=7cec85d7bea7798e]]'.
2025-08-07 12:20:11.366 +08:00 [INF] Executed action TeenyWeenyURL.Controller.ShortUrlsController.CreateShortUrl (TeenyWeenyURL) in 7.1938ms
2025-08-07 12:20:11.366 +08:00 [INF] Executed endpoint 'TeenyWeenyURL.Controller.ShortUrlsController.CreateShortUrl (TeenyWeenyURL)'
2025-08-07 12:20:11.369 +08:00 [INF] HTTP POST /api/ShortUrls/create-twurl responded 200 in 15.0479 ms
2025-08-07 12:20:11.371 +08:00 [INF] Request finished HTTP/1.1 POST http://localhost:5140/api/ShortUrls/create-twurl - 200 null application/json; charset=utf-8 18.6098ms
2025-08-07 12:20:11.495 +08:00 [INF] Request starting HTTP/1.1 POST http://localhost:5140/api/ShortUrls/create-twurl - application/json 102
2025-08-07 12:20:11.497 +08:00 [INF] CORS policy execution failed.
2025-08-07 12:20:11.498 +08:00 [INF] Request origin http://localhost:5140 does not have permission to access the resource.
2025-08-07 12:20:11.499 +08:00 [INF] Executing endpoint 'TeenyWeenyURL.Controller.ShortUrlsController.CreateShortUrl (TeenyWeenyURL)'
2025-08-07 12:20:11.500 +08:00 [INF] Route matched with {action = "CreateShortUrl", controller = "ShortUrls"}. Executing controller action with signature System.Threading.Tasks.Task`1[Microsoft.AspNetCore.Mvc.IActionResult] CreateShortUrl(TeenyWeenyURL.Model.DTO.CreateShortUrlRequest) on controller TeenyWeenyURL.Controller.ShortUrlsController (TeenyWeenyURL).
2025-08-07 12:20:11.505 +08:00 [INF] Creating short URL for user 1 with original URL: https://www.example.com/very-long-url-that-needs-to-be-shortened
2025-08-07 12:20:11.507 +08:00 [INF] Executed DbCommand (1ms) [Parameters=[@p0='?' (DbType = Int32), @p1='?' (DbType = DateTime), @p2='?', @p3='?', @p4='?' (DbType = Int32)], CommandType='"Text"', CommandTimeout='30']
INSERT INTO "ShortUrls" ("Clicks", "CreatedAt", "OriginalUrl", "ShortCode", "UserId")
VALUES (@p0, @p1, @p2, @p3, @p4)
RETURNING "Id";
2025-08-07 12:20:11.509 +08:00 [INF] Short URL created successfully for user 1 with code: 85c46f
2025-08-07 12:20:11.510 +08:00 [INF] Executing OkObjectResult, writing value of type '<>f__AnonymousType3`1[[System.String, System.Private.CoreLib, Version=8.0.0.0, Culture=neutral, PublicKeyToken=7cec85d7bea7798e]]'.
2025-08-07 12:20:11.511 +08:00 [INF] Executed action TeenyWeenyURL.Controller.ShortUrlsController.CreateShortUrl (TeenyWeenyURL) in 6.9468ms
2025-08-07 12:20:11.512 +08:00 [INF] Executed endpoint 'TeenyWeenyURL.Controller.ShortUrlsController.CreateShortUrl (TeenyWeenyURL)'
2025-08-07 12:20:11.513 +08:00 [INF] HTTP POST /api/ShortUrls/create-twurl responded 200 in 16.0370 ms
2025-08-07 12:20:11.514 +08:00 [INF] Request finished HTTP/1.1 POST http://localhost:5140/api/ShortUrls/create-twurl - 200 null application/json; charset=utf-8 19.0588ms
2025-08-07 12:20:11.640 +08:00 [INF] Request starting HTTP/1.1 POST http://localhost:5140/api/ShortUrls/create-twurl - application/json 102
2025-08-07 12:20:11.642 +08:00 [INF] CORS policy execution failed.
2025-08-07 12:20:11.643 +08:00 [INF] Request origin http://localhost:5140 does not have permission to access the resource.
2025-08-07 12:20:11.645 +08:00 [INF] Executing endpoint 'TeenyWeenyURL.Controller.ShortUrlsController.CreateShortUrl (TeenyWeenyURL)'
2025-08-07 12:20:11.648 +08:00 [INF] Route matched with {action = "CreateShortUrl", controller = "ShortUrls"}. Executing controller action with signature System.Threading.Tasks.Task`1[Microsoft.AspNetCore.Mvc.IActionResult] CreateShortUrl(TeenyWeenyURL.Model.DTO.CreateShortUrlRequest) on controller TeenyWeenyURL.Controller.ShortUrlsController (TeenyWeenyURL).
2025-08-07 12:20:11.650 +08:00 [INF] Creating short URL for user 1 with original URL: https://www.example.com/very-long-url-that-needs-to-be-shortened
2025-08-07 12:20:11.658 +08:00 [INF] Executed DbCommand (1ms) [Parameters=[@p0='?' (DbType = Int32), @p1='?' (DbType = DateTime), @p2='?', @p3='?', @p4='?' (DbType = Int32)], CommandType='"Text"', CommandTimeout='30']
INSERT INTO "ShortUrls" ("Clicks", "CreatedAt", "OriginalUrl", "ShortCode", "UserId")
VALUES (@p0, @p1, @p2, @p3, @p4)
RETURNING "Id";
2025-08-07 12:20:11.660 +08:00 [INF] Short URL created successfully for user 1 with code: 584b57
2025-08-07 12:20:11.660 +08:00 [INF] Executing OkObjectResult, writing value of type '<>f__AnonymousType3`1[[System.String, System.Private.CoreLib, Version=8.0.0.0, Culture=neutral, PublicKeyToken=7cec85d7bea7798e]]'.
2025-08-07 12:20:11.661 +08:00 [INF] Executed action TeenyWeenyURL.Controller.ShortUrlsController.CreateShortUrl (TeenyWeenyURL) in 11.5265ms
2025-08-07 12:20:11.662 +08:00 [INF] Executed endpoint 'TeenyWeenyURL.Controller.ShortUrlsController.CreateShortUrl (TeenyWeenyURL)'
2025-08-07 12:20:11.663 +08:00 [INF] HTTP POST /api/ShortUrls/create-twurl responded 200 in 20.9695 ms
2025-08-07 12:20:11.664 +08:00 [INF] Request finished HTTP/1.1 POST http://localhost:5140/api/ShortUrls/create-twurl - 200 null application/json; charset=utf-8 24.0997ms
2025-08-07 12:20:11.780 +08:00 [INF] Request starting HTTP/1.1 POST http://localhost:5140/api/ShortUrls/create-twurl - application/json 102
2025-08-07 12:20:11.783 +08:00 [INF] CORS policy execution failed.
2025-08-07 12:20:11.786 +08:00 [INF] Request origin http://localhost:5140 does not have permission to access the resource.
2025-08-07 12:20:11.788 +08:00 [INF] Executing endpoint 'TeenyWeenyURL.Controller.ShortUrlsController.CreateShortUrl (TeenyWeenyURL)'
2025-08-07 12:20:11.789 +08:00 [INF] Route matched with {action = "CreateShortUrl", controller = "ShortUrls"}. Executing controller action with signature System.Threading.Tasks.Task`1[Microsoft.AspNetCore.Mvc.IActionResult] CreateShortUrl(TeenyWeenyURL.Model.DTO.CreateShortUrlRequest) on controller TeenyWeenyURL.Controller.ShortUrlsController (TeenyWeenyURL).
2025-08-07 12:20:11.790 +08:00 [INF] Creating short URL for user 1 with original URL: https://www.example.com/very-long-url-that-needs-to-be-shortened
2025-08-07 12:20:11.792 +08:00 [INF] Executed DbCommand (1ms) [Parameters=[@p0='?' (DbType = Int32), @p1='?' (DbType = DateTime), @p2='?', @p3='?', @p4='?' (DbType = Int32)], CommandType='"Text"', CommandTimeout='30']
INSERT INTO "ShortUrls" ("Clicks", "CreatedAt", "OriginalUrl", "ShortCode", "UserId")
VALUES (@p0, @p1, @p2, @p3, @p4)
RETURNING "Id";
2025-08-07 12:20:11.794 +08:00 [INF] Short URL created successfully for user 1 with code: 0bbad6
2025-08-07 12:20:11.795 +08:00 [INF] Executing OkObjectResult, writing value of type '<>f__AnonymousType3`1[[System.String, System.Private.CoreLib, Version=8.0.0.0, Culture=neutral, PublicKeyToken=7cec85d7bea7798e]]'.
2025-08-07 12:20:11.798 +08:00 [INF] Executed action TeenyWeenyURL.Controller.ShortUrlsController.CreateShortUrl (TeenyWeenyURL) in 8.0782ms
2025-08-07 12:20:11.800 +08:00 [INF] Executed endpoint 'TeenyWeenyURL.Controller.ShortUrlsController.CreateShortUrl (TeenyWeenyURL)'
2025-08-07 12:20:11.806 +08:00 [INF] HTTP POST /api/ShortUrls/create-twurl responded 200 in 23.0004 ms
2025-08-07 12:20:11.807 +08:00 [INF] Request finished HTTP/1.1 POST http://localhost:5140/api/ShortUrls/create-twurl - 200 null application/json; charset=utf-8 26.3166ms
2025-08-07 12:20:11.932 +08:00 [INF] Request starting HTTP/1.1 POST http://localhost:5140/api/ShortUrls/create-twurl - application/json 102
2025-08-07 12:20:11.936 +08:00 [INF] CORS policy execution failed.
2025-08-07 12:20:11.937 +08:00 [INF] Request origin http://localhost:5140 does not have permission to access the resource.
2025-08-07 12:20:11.938 +08:00 [INF] Executing endpoint 'TeenyWeenyURL.Controller.ShortUrlsController.CreateShortUrl (TeenyWeenyURL)'
2025-08-07 12:20:11.941 +08:00 [INF] Route matched with {action = "CreateShortUrl", controller = "ShortUrls"}. Executing controller action with signature System.Threading.Tasks.Task`1[Microsoft.AspNetCore.Mvc.IActionResult] CreateShortUrl(TeenyWeenyURL.Model.DTO.CreateShortUrlRequest) on controller TeenyWeenyURL.Controller.ShortUrlsController (TeenyWeenyURL).
2025-08-07 12:20:11.943 +08:00 [INF] Creating short URL for user 1 with original URL: https://www.example.com/very-long-url-that-needs-to-be-shortened
2025-08-07 12:20:11.945 +08:00 [INF] Executed DbCommand (1ms) [Parameters=[@p0='?' (DbType = Int32), @p1='?' (DbType = DateTime), @p2='?', @p3='?', @p4='?' (DbType = Int32)], CommandType='"Text"', CommandTimeout='30']
INSERT INTO "ShortUrls" ("Clicks", "CreatedAt", "OriginalUrl", "ShortCode", "UserId")
VALUES (@p0, @p1, @p2, @p3, @p4)
RETURNING "Id";
2025-08-07 12:20:11.947 +08:00 [INF] Short URL created successfully for user 1 with code: 92659c
2025-08-07 12:20:11.948 +08:00 [INF] Executing OkObjectResult, writing value of type '<>f__AnonymousType3`1[[System.String, System.Private.CoreLib, Version=8.0.0.0, Culture=neutral, PublicKeyToken=7cec85d7bea7798e]]'.
2025-08-07 12:20:11.948 +08:00 [INF] Executed action TeenyWeenyURL.Controller.ShortUrlsController.CreateShortUrl (TeenyWeenyURL) in 6.1999ms
2025-08-07 12:20:11.950 +08:00 [INF] Executed endpoint 'TeenyWeenyURL.Controller.ShortUrlsController.CreateShortUrl (TeenyWeenyURL)'
2025-08-07 12:20:11.950 +08:00 [INF] HTTP POST /api/ShortUrls/create-twurl responded 200 in 14.8700 ms
2025-08-07 12:20:11.955 +08:00 [INF] Request finished HTTP/1.1 POST http://localhost:5140/api/ShortUrls/create-twurl - 200 null application/json; charset=utf-8 22.7114ms
2025-08-07 12:20:12.111 +08:00 [INF] Request starting HTTP/1.1 POST http://localhost:5140/api/ShortUrls/create-twurl - application/json 102
2025-08-07 12:20:12.113 +08:00 [INF] CORS policy execution failed.
2025-08-07 12:20:12.114 +08:00 [INF] Request origin http://localhost:5140 does not have permission to access the resource.
2025-08-07 12:20:12.115 +08:00 [INF] Executing endpoint 'TeenyWeenyURL.Controller.ShortUrlsController.CreateShortUrl (TeenyWeenyURL)'
2025-08-07 12:20:12.116 +08:00 [INF] Route matched with {action = "CreateShortUrl", controller = "ShortUrls"}. Executing controller action with signature System.Threading.Tasks.Task`1[Microsoft.AspNetCore.Mvc.IActionResult] CreateShortUrl(TeenyWeenyURL.Model.DTO.CreateShortUrlRequest) on controller TeenyWeenyURL.Controller.ShortUrlsController (TeenyWeenyURL).
2025-08-07 12:20:12.118 +08:00 [INF] Creating short URL for user 1 with original URL: https://www.example.com/very-long-url-that-needs-to-be-shortened
2025-08-07 12:20:12.121 +08:00 [INF] Executed DbCommand (1ms) [Parameters=[@p0='?' (DbType = Int32), @p1='?' (DbType = DateTime), @p2='?', @p3='?', @p4='?' (DbType = Int32)], CommandType='"Text"', CommandTimeout='30']
INSERT INTO "ShortUrls" ("Clicks", "CreatedAt", "OriginalUrl", "ShortCode", "UserId")
VALUES (@p0, @p1, @p2, @p3, @p4)
RETURNING "Id";
2025-08-07 12:20:12.123 +08:00 [INF] Short URL created successfully for user 1 with code: 788539
2025-08-07 12:20:12.125 +08:00 [INF] Executing OkObjectResult, writing value of type '<>f__AnonymousType3`1[[System.String, System.Private.CoreLib, Version=8.0.0.0, Culture=neutral, PublicKeyToken=7cec85d7bea7798e]]'.
2025-08-07 12:20:12.126 +08:00 [INF] Executed action TeenyWeenyURL.Controller.ShortUrlsController.CreateShortUrl (TeenyWeenyURL) in 8.8333ms
2025-08-07 12:20:12.127 +08:00 [INF] Executed endpoint 'TeenyWeenyURL.Controller.ShortUrlsController.CreateShortUrl (TeenyWeenyURL)'
2025-08-07 12:20:12.127 +08:00 [INF] HTTP POST /api/ShortUrls/create-twurl responded 200 in 14.1942 ms
2025-08-07 12:20:12.128 +08:00 [INF] Request finished HTTP/1.1 POST http://localhost:5140/api/ShortUrls/create-twurl - 200 null application/json; charset=utf-8 17.008ms
2025-08-07 12:20:12.255 +08:00 [INF] Request starting HTTP/1.1 POST http://localhost:5140/api/ShortUrls/create-twurl - application/json 102
2025-08-07 12:20:12.257 +08:00 [INF] CORS policy execution failed.
2025-08-07 12:20:12.258 +08:00 [INF] Request origin http://localhost:5140 does not have permission to access the resource.
2025-08-07 12:20:12.259 +08:00 [INF] Executing endpoint 'TeenyWeenyURL.Controller.ShortUrlsController.CreateShortUrl (TeenyWeenyURL)'
2025-08-07 12:20:12.260 +08:00 [INF] Route matched with {action = "CreateShortUrl", controller = "ShortUrls"}. Executing controller action with signature System.Threading.Tasks.Task`1[Microsoft.AspNetCore.Mvc.IActionResult] CreateShortUrl(TeenyWeenyURL.Model.DTO.CreateShortUrlRequest) on controller TeenyWeenyURL.Controller.ShortUrlsController (TeenyWeenyURL).
2025-08-07 12:20:12.261 +08:00 [INF] Creating short URL for user 1 with original URL: https://www.example.com/very-long-url-that-needs-to-be-shortened
2025-08-07 12:20:12.264 +08:00 [INF] Executed DbCommand (1ms) [Parameters=[@p0='?' (DbType = Int32), @p1='?' (DbType = DateTime), @p2='?', @p3='?', @p4='?' (DbType = Int32)], CommandType='"Text"', CommandTimeout='30']
INSERT INTO "ShortUrls" ("Clicks", "CreatedAt", "OriginalUrl", "ShortCode", "UserId")
VALUES (@p0, @p1, @p2, @p3, @p4)
RETURNING "Id";
2025-08-07 12:20:12.265 +08:00 [INF] Short URL created successfully for user 1 with code: b13e70
2025-08-07 12:20:12.266 +08:00 [INF] Executing OkObjectResult, writing value of type '<>f__AnonymousType3`1[[System.String, System.Private.CoreLib, Version=8.0.0.0, Culture=neutral, PublicKeyToken=7cec85d7bea7798e]]'.
2025-08-07 12:20:12.269 +08:00 [INF] Executed action TeenyWeenyURL.Controller.ShortUrlsController.CreateShortUrl (TeenyWeenyURL) in 8.515ms
2025-08-07 12:20:12.271 +08:00 [INF] Executed endpoint 'TeenyWeenyURL.Controller.ShortUrlsController.CreateShortUrl (TeenyWeenyURL)'
2025-08-07 12:20:12.271 +08:00 [INF] HTTP POST /api/ShortUrls/create-twurl responded 200 in 14.5143 ms
2025-08-07 12:20:12.273 +08:00 [INF] Request finished HTTP/1.1 POST http://localhost:5140/api/ShortUrls/create-twurl - 200 null application/json; charset=utf-8 17.8158ms
2025-08-07 12:20:12.422 +08:00 [INF] Request starting HTTP/1.1 POST http://localhost:5140/api/ShortUrls/create-twurl - application/json 102
2025-08-07 12:20:12.424 +08:00 [INF] CORS policy execution failed.
2025-08-07 12:20:12.425 +08:00 [INF] Request origin http://localhost:5140 does not have permission to access the resource.
2025-08-07 12:20:12.426 +08:00 [INF] Executing endpoint 'TeenyWeenyURL.Controller.ShortUrlsController.CreateShortUrl (TeenyWeenyURL)'
2025-08-07 12:20:12.427 +08:00 [INF] Route matched with {action = "CreateShortUrl", controller = "ShortUrls"}. Executing controller action with signature System.Threading.Tasks.Task`1[Microsoft.AspNetCore.Mvc.IActionResult] CreateShortUrl(TeenyWeenyURL.Model.DTO.CreateShortUrlRequest) on controller TeenyWeenyURL.Controller.ShortUrlsController (TeenyWeenyURL).
2025-08-07 12:20:12.429 +08:00 [INF] Creating short URL for user 1 with original URL: https://www.example.com/very-long-url-that-needs-to-be-shortened
2025-08-07 12:20:12.431 +08:00 [INF] Executed DbCommand (1ms) [Parameters=[@p0='?' (DbType = Int32), @p1='?' (DbType = DateTime), @p2='?', @p3='?', @p4='?' (DbType = Int32)], CommandType='"Text"', CommandTimeout='30']
INSERT INTO "ShortUrls" ("Clicks", "CreatedAt", "OriginalUrl", "ShortCode", "UserId")
VALUES (@p0, @p1, @p2, @p3, @p4)
RETURNING "Id";
2025-08-07 12:20:12.433 +08:00 [INF] Short URL created successfully for user 1 with code: b00ae4
2025-08-07 12:20:12.434 +08:00 [INF] Executing OkObjectResult, writing value of type '<>f__AnonymousType3`1[[System.String, System.Private.CoreLib, Version=8.0.0.0, Culture=neutral, PublicKeyToken=7cec85d7bea7798e]]'.
2025-08-07 12:20:12.437 +08:00 [INF] Executed action TeenyWeenyURL.Controller.ShortUrlsController.CreateShortUrl (TeenyWeenyURL) in 8.4665ms
2025-08-07 12:20:12.437 +08:00 [INF] Executed endpoint 'TeenyWeenyURL.Controller.ShortUrlsController.CreateShortUrl (TeenyWeenyURL)'
2025-08-07 12:20:12.438 +08:00 [INF] HTTP POST /api/ShortUrls/create-twurl responded 200 in 14.0690 ms
2025-08-07 12:20:12.440 +08:00 [INF] Request finished HTTP/1.1 POST http://localhost:5140/api/ShortUrls/create-twurl - 200 null application/json; charset=utf-8 17.4178ms
2025-08-07 12:20:12.573 +08:00 [INF] Request starting HTTP/1.1 POST http://localhost:5140/api/ShortUrls/create-twurl - application/json 102
2025-08-07 12:20:12.575 +08:00 [INF] CORS policy execution failed.
2025-08-07 12:20:12.576 +08:00 [INF] Request origin http://localhost:5140 does not have permission to access the resource.
2025-08-07 12:20:12.579 +08:00 [INF] Executing endpoint 'TeenyWeenyURL.Controller.ShortUrlsController.CreateShortUrl (TeenyWeenyURL)'
2025-08-07 12:20:12.590 +08:00 [INF] Route matched with {action = "CreateShortUrl", controller = "ShortUrls"}. Executing controller action with signature System.Threading.Tasks.Task`1[Microsoft.AspNetCore.Mvc.IActionResult] CreateShortUrl(TeenyWeenyURL.Model.DTO.CreateShortUrlRequest) on controller TeenyWeenyURL.Controller.ShortUrlsController (TeenyWeenyURL).
2025-08-07 12:20:12.594 +08:00 [INF] Creating short URL for user 1 with original URL: https://www.example.com/very-long-url-that-needs-to-be-shortened
2025-08-07 12:20:12.597 +08:00 [INF] Executed DbCommand (1ms) [Parameters=[@p0='?' (DbType = Int32), @p1='?' (DbType = DateTime), @p2='?', @p3='?', @p4='?' (DbType = Int32)], CommandType='"Text"', CommandTimeout='30']
INSERT INTO "ShortUrls" ("Clicks", "CreatedAt", "OriginalUrl", "ShortCode", "UserId")
VALUES (@p0, @p1, @p2, @p3, @p4)
RETURNING "Id";
2025-08-07 12:20:12.599 +08:00 [INF] Short URL created successfully for user 1 with code: 5446ef
2025-08-07 12:20:12.600 +08:00 [INF] Executing OkObjectResult, writing value of type '<>f__AnonymousType3`1[[System.String, System.Private.CoreLib, Version=8.0.0.0, Culture=neutral, PublicKeyToken=7cec85d7bea7798e]]'.
2025-08-07 12:20:12.604 +08:00 [INF] Executed action TeenyWeenyURL.Controller.ShortUrlsController.CreateShortUrl (TeenyWeenyURL) in 10.005ms
2025-08-07 12:20:12.607 +08:00 [INF] Executed endpoint 'TeenyWeenyURL.Controller.ShortUrlsController.CreateShortUrl (TeenyWeenyURL)'
2025-08-07 12:20:12.608 +08:00 [INF] HTTP POST /api/ShortUrls/create-twurl responded 200 in 32.6585 ms
2025-08-07 12:20:12.609 +08:00 [INF] Request finished HTTP/1.1 POST http://localhost:5140/api/ShortUrls/create-twurl - 200 null application/json; charset=utf-8 35.7972ms
2025-08-07 12:20:12.726 +08:00 [INF] Request starting HTTP/1.1 POST http://localhost:5140/api/ShortUrls/create-twurl - application/json 102
2025-08-07 12:20:12.728 +08:00 [INF] CORS policy execution failed.
2025-08-07 12:20:12.729 +08:00 [INF] Request origin http://localhost:5140 does not have permission to access the resource.
2025-08-07 12:20:12.730 +08:00 [INF] Executing endpoint 'TeenyWeenyURL.Controller.ShortUrlsController.CreateShortUrl (TeenyWeenyURL)'
2025-08-07 12:20:12.730 +08:00 [INF] Route matched with {action = "CreateShortUrl", controller = "ShortUrls"}. Executing controller action with signature System.Threading.Tasks.Task`1[Microsoft.AspNetCore.Mvc.IActionResult] CreateShortUrl(TeenyWeenyURL.Model.DTO.CreateShortUrlRequest) on controller TeenyWeenyURL.Controller.ShortUrlsController (TeenyWeenyURL).
2025-08-07 12:20:12.732 +08:00 [INF] Creating short URL for user 1 with original URL: https://www.example.com/very-long-url-that-needs-to-be-shortened
2025-08-07 12:20:12.737 +08:00 [INF] Executed DbCommand (1ms) [Parameters=[@p0='?' (DbType = Int32), @p1='?' (DbType = DateTime), @p2='?', @p3='?', @p4='?' (DbType = Int32)], CommandType='"Text"', CommandTimeout='30']
INSERT INTO "ShortUrls" ("Clicks", "CreatedAt", "OriginalUrl", "ShortCode", "UserId")
VALUES (@p0, @p1, @p2, @p3, @p4)
RETURNING "Id";
2025-08-07 12:20:12.739 +08:00 [INF] Short URL created successfully for user 1 with code: c48004
2025-08-07 12:20:12.740 +08:00 [INF] Executing OkObjectResult, writing value of type '<>f__AnonymousType3`1[[System.String, System.Private.CoreLib, Version=8.0.0.0, Culture=neutral, PublicKeyToken=7cec85d7bea7798e]]'.
2025-08-07 12:20:12.741 +08:00 [INF] Executed action TeenyWeenyURL.Controller.ShortUrlsController.CreateShortUrl (TeenyWeenyURL) in 9.0528ms
2025-08-07 12:20:12.742 +08:00 [INF] Executed endpoint 'TeenyWeenyURL.Controller.ShortUrlsController.CreateShortUrl (TeenyWeenyURL)'
2025-08-07 12:20:12.743 +08:00 [INF] HTTP POST /api/ShortUrls/create-twurl responded 200 in 14.6611 ms
2025-08-07 12:20:12.744 +08:00 [INF] Request finished HTTP/1.1 POST http://localhost:5140/api/ShortUrls/create-twurl - 200 null application/json; charset=utf-8 17.5258ms
2025-08-07 12:20:12.897 +08:00 [INF] Request starting HTTP/1.1 POST http://localhost:5140/api/ShortUrls/create-twurl - application/json 102
2025-08-07 12:20:12.898 +08:00 [INF] CORS policy execution failed.
2025-08-07 12:20:12.899 +08:00 [INF] Request origin http://localhost:5140 does not have permission to access the resource.
2025-08-07 12:20:12.900 +08:00 [INF] Executing endpoint 'TeenyWeenyURL.Controller.ShortUrlsController.CreateShortUrl (TeenyWeenyURL)'
2025-08-07 12:20:12.902 +08:00 [INF] Route matched with {action = "CreateShortUrl", controller = "ShortUrls"}. Executing controller action with signature System.Threading.Tasks.Task`1[Microsoft.AspNetCore.Mvc.IActionResult] CreateShortUrl(TeenyWeenyURL.Model.DTO.CreateShortUrlRequest) on controller TeenyWeenyURL.Controller.ShortUrlsController (TeenyWeenyURL).
2025-08-07 12:20:12.904 +08:00 [INF] Creating short URL for user 1 with original URL: https://www.example.com/very-long-url-that-needs-to-be-shortened
2025-08-07 12:20:12.907 +08:00 [INF] Executed DbCommand (1ms) [Parameters=[@p0='?' (DbType = Int32), @p1='?' (DbType = DateTime), @p2='?', @p3='?', @p4='?' (DbType = Int32)], CommandType='"Text"', CommandTimeout='30']
INSERT INTO "ShortUrls" ("Clicks", "CreatedAt", "OriginalUrl", "ShortCode", "UserId")
VALUES (@p0, @p1, @p2, @p3, @p4)
RETURNING "Id";
2025-08-07 12:20:12.909 +08:00 [INF] Short URL created successfully for user 1 with code: ea21a2
2025-08-07 12:20:12.910 +08:00 [INF] Executing OkObjectResult, writing value of type '<>f__AnonymousType3`1[[System.String, System.Private.CoreLib, Version=8.0.0.0, Culture=neutral, PublicKeyToken=7cec85d7bea7798e]]'.
2025-08-07 12:20:12.910 +08:00 [INF] Executed action TeenyWeenyURL.Controller.ShortUrlsController.CreateShortUrl (TeenyWeenyURL) in 6.6924ms
2025-08-07 12:20:12.911 +08:00 [INF] Executed endpoint 'TeenyWeenyURL.Controller.ShortUrlsController.CreateShortUrl (TeenyWeenyURL)'
2025-08-07 12:20:12.912 +08:00 [INF] HTTP POST /api/ShortUrls/create-twurl responded 200 in 13.6848 ms
2025-08-07 12:20:12.913 +08:00 [INF] Request finished HTTP/1.1 POST http://localhost:5140/api/ShortUrls/create-twurl - 200 null application/json; charset=utf-8 16.4409ms
2025-08-07 12:20:13.054 +08:00 [INF] Request starting HTTP/1.1 POST http://localhost:5140/api/ShortUrls/create-twurl - application/json 102
2025-08-07 12:20:13.056 +08:00 [INF] CORS policy execution failed.
2025-08-07 12:20:13.056 +08:00 [INF] Request origin http://localhost:5140 does not have permission to access the resource.
2025-08-07 12:20:13.057 +08:00 [INF] Executing endpoint 'TeenyWeenyURL.Controller.ShortUrlsController.CreateShortUrl (TeenyWeenyURL)'
2025-08-07 12:20:13.058 +08:00 [INF] Route matched with {action = "CreateShortUrl", controller = "ShortUrls"}. Executing controller action with signature System.Threading.Tasks.Task`1[Microsoft.AspNetCore.Mvc.IActionResult] CreateShortUrl(TeenyWeenyURL.Model.DTO.CreateShortUrlRequest) on controller TeenyWeenyURL.Controller.ShortUrlsController (TeenyWeenyURL).
2025-08-07 12:20:13.059 +08:00 [INF] Creating short URL for user 1 with original URL: https://www.example.com/very-long-url-that-needs-to-be-shortened
2025-08-07 12:20:13.061 +08:00 [INF] Executed DbCommand (1ms) [Parameters=[@p0='?' (DbType = Int32), @p1='?' (DbType = DateTime), @p2='?', @p3='?', @p4='?' (DbType = Int32)], CommandType='"Text"', CommandTimeout='30']
INSERT INTO "ShortUrls" ("Clicks", "CreatedAt", "OriginalUrl", "ShortCode", "UserId")
VALUES (@p0, @p1, @p2, @p3, @p4)
RETURNING "Id";
2025-08-07 12:20:13.063 +08:00 [INF] Short URL created successfully for user 1 with code: b3622d
2025-08-07 12:20:13.064 +08:00 [INF] Executing OkObjectResult, writing value of type '<>f__AnonymousType3`1[[System.String, System.Private.CoreLib, Version=8.0.0.0, Culture=neutral, PublicKeyToken=7cec85d7bea7798e]]'.
2025-08-07 12:20:13.065 +08:00 [INF] Executed action TeenyWeenyURL.Controller.ShortUrlsController.CreateShortUrl (TeenyWeenyURL) in 6.1639ms
2025-08-07 12:20:13.066 +08:00 [INF] Executed endpoint 'TeenyWeenyURL.Controller.ShortUrlsController.CreateShortUrl (TeenyWeenyURL)'
2025-08-07 12:20:13.066 +08:00 [INF] HTTP POST /api/ShortUrls/create-twurl responded 200 in 11.1604 ms
2025-08-07 12:20:13.070 +08:00 [INF] Request finished HTTP/1.1 POST http://localhost:5140/api/ShortUrls/create-twurl - 200 null application/json; charset=utf-8 16.1767ms
2025-08-07 12:20:13.221 +08:00 [INF] Request starting HTTP/1.1 POST http://localhost:5140/api/ShortUrls/create-twurl - application/json 102
2025-08-07 12:20:13.223 +08:00 [INF] CORS policy execution failed.
2025-08-07 12:20:13.224 +08:00 [INF] Request origin http://localhost:5140 does not have permission to access the resource.
2025-08-07 12:20:13.225 +08:00 [INF] Executing endpoint 'TeenyWeenyURL.Controller.ShortUrlsController.CreateShortUrl (TeenyWeenyURL)'
2025-08-07 12:20:13.226 +08:00 [INF] Route matched with {action = "CreateShortUrl", controller = "ShortUrls"}. Executing controller action with signature System.Threading.Tasks.Task`1[Microsoft.AspNetCore.Mvc.IActionResult] CreateShortUrl(TeenyWeenyURL.Model.DTO.CreateShortUrlRequest) on controller TeenyWeenyURL.Controller.ShortUrlsController (TeenyWeenyURL).
2025-08-07 12:20:13.227 +08:00 [INF] Creating short URL for user 1 with original URL: https://www.example.com/very-long-url-that-needs-to-be-shortened
2025-08-07 12:20:13.230 +08:00 [INF] Executed DbCommand (1ms) [Parameters=[@p0='?' (DbType = Int32), @p1='?' (DbType = DateTime), @p2='?', @p3='?', @p4='?' (DbType = Int32)], CommandType='"Text"', CommandTimeout='30']
INSERT INTO "ShortUrls" ("Clicks", "CreatedAt", "OriginalUrl", "ShortCode", "UserId")
VALUES (@p0, @p1, @p2, @p3, @p4)
RETURNING "Id";
2025-08-07 12:20:13.231 +08:00 [INF] Short URL created successfully for user 1 with code: 18f3f5
2025-08-07 12:20:13.232 +08:00 [INF] Executing OkObjectResult, writing value of type '<>f__AnonymousType3`1[[System.String, System.Private.CoreLib, Version=8.0.0.0, Culture=neutral, PublicKeyToken=7cec85d7bea7798e]]'.
2025-08-07 12:20:13.233 +08:00 [INF] Executed action TeenyWeenyURL.Controller.ShortUrlsController.CreateShortUrl (TeenyWeenyURL) in 6.375ms
2025-08-07 12:20:13.236 +08:00 [INF] Executed endpoint 'TeenyWeenyURL.Controller.ShortUrlsController.CreateShortUrl (TeenyWeenyURL)'
2025-08-07 12:20:13.237 +08:00 [INF] HTTP POST /api/ShortUrls/create-twurl responded 200 in 14.2148 ms
2025-08-07 12:20:13.239 +08:00 [INF] Request finished HTTP/1.1 POST http://localhost:5140/api/ShortUrls/create-twurl - 200 null application/json; charset=utf-8 17.2966ms
2025-08-07 12:20:13.381 +08:00 [INF] Request starting HTTP/1.1 POST http://localhost:5140/api/ShortUrls/create-twurl - application/json 102
2025-08-07 12:20:13.383 +08:00 [INF] CORS policy execution failed.
2025-08-07 12:20:13.384 +08:00 [INF] Request origin http://localhost:5140 does not have permission to access the resource.
2025-08-07 12:20:13.386 +08:00 [INF] Executing endpoint 'TeenyWeenyURL.Controller.ShortUrlsController.CreateShortUrl (TeenyWeenyURL)'
2025-08-07 12:20:13.386 +08:00 [INF] Route matched with {action = "CreateShortUrl", controller = "ShortUrls"}. Executing controller action with signature System.Threading.Tasks.Task`1[Microsoft.AspNetCore.Mvc.IActionResult] CreateShortUrl(TeenyWeenyURL.Model.DTO.CreateShortUrlRequest) on controller TeenyWeenyURL.Controller.ShortUrlsController (TeenyWeenyURL).
2025-08-07 12:20:13.389 +08:00 [INF] Creating short URL for user 1 with original URL: https://www.example.com/very-long-url-that-needs-to-be-shortened
2025-08-07 12:20:13.393 +08:00 [INF] Executed DbCommand (2ms) [Parameters=[@p0='?' (DbType = Int32), @p1='?' (DbType = DateTime), @p2='?', @p3='?', @p4='?' (DbType = Int32)], CommandType='"Text"', CommandTimeout='30']
INSERT INTO "ShortUrls" ("Clicks", "CreatedAt", "OriginalUrl", "ShortCode", "UserId")
VALUES (@p0, @p1, @p2, @p3, @p4)
RETURNING "Id";
2025-08-07 12:20:13.395 +08:00 [INF] Short URL created successfully for user 1 with code: b969fe
2025-08-07 12:20:13.395 +08:00 [INF] Executing OkObjectResult, writing value of type '<>f__AnonymousType3`1[[System.String, System.Private.CoreLib, Version=8.0.0.0, Culture=neutral, PublicKeyToken=7cec85d7bea7798e]]'.
2025-08-07 12:20:13.396 +08:00 [INF] Executed action TeenyWeenyURL.Controller.ShortUrlsController.CreateShortUrl (TeenyWeenyURL) in 8.1271ms
2025-08-07 12:20:13.397 +08:00 [INF] Executed endpoint 'TeenyWeenyURL.Controller.ShortUrlsController.CreateShortUrl (TeenyWeenyURL)'
2025-08-07 12:20:13.398 +08:00 [INF] HTTP POST /api/ShortUrls/create-twurl responded 200 in 15.1406 ms
2025-08-07 12:20:13.399 +08:00 [INF] Request finished HTTP/1.1 POST http://localhost:5140/api/ShortUrls/create-twurl - 200 null application/json; charset=utf-8 18.3169ms
2025-08-07 12:20:13.548 +08:00 [INF] Request starting HTTP/1.1 POST http://localhost:5140/api/ShortUrls/create-twurl - application/json 102
2025-08-07 12:20:13.550 +08:00 [INF] CORS policy execution failed.
2025-08-07 12:20:13.552 +08:00 [INF] Request origin http://localhost:5140 does not have permission to access the resource.
2025-08-07 12:20:13.553 +08:00 [INF] Executing endpoint 'TeenyWeenyURL.Controller.ShortUrlsController.CreateShortUrl (TeenyWeenyURL)'
2025-08-07 12:20:13.554 +08:00 [INF] Route matched with {action = "CreateShortUrl", controller = "ShortUrls"}. Executing controller action with signature System.Threading.Tasks.Task`1[Microsoft.AspNetCore.Mvc.IActionResult] CreateShortUrl(TeenyWeenyURL.Model.DTO.CreateShortUrlRequest) on controller TeenyWeenyURL.Controller.ShortUrlsController (TeenyWeenyURL).
2025-08-07 12:20:13.556 +08:00 [INF] Creating short URL for user 1 with original URL: https://www.example.com/very-long-url-that-needs-to-be-shortened
2025-08-07 12:20:13.558 +08:00 [INF] Executed DbCommand (1ms) [Parameters=[@p0='?' (DbType = Int32), @p1='?' (DbType = DateTime), @p2='?', @p3='?', @p4='?' (DbType = Int32)], CommandType='"Text"', CommandTimeout='30']
INSERT INTO "ShortUrls" ("Clicks", "CreatedAt", "OriginalUrl", "ShortCode", "UserId")
VALUES (@p0, @p1, @p2, @p3, @p4)
RETURNING "Id";
2025-08-07 12:20:13.560 +08:00 [INF] Short URL created successfully for user 1 with code: 73a1ac
2025-08-07 12:20:13.561 +08:00 [INF] Executing OkObjectResult, writing value of type '<>f__AnonymousType3`1[[System.String, System.Private.CoreLib, Version=8.0.0.0, Culture=neutral, PublicKeyToken=7cec85d7bea7798e]]'.
2025-08-07 12:20:13.561 +08:00 [INF] Executed action TeenyWeenyURL.Controller.ShortUrlsController.CreateShortUrl (TeenyWeenyURL) in 6.1207ms
2025-08-07 12:20:13.562 +08:00 [INF] Executed endpoint 'TeenyWeenyURL.Controller.ShortUrlsController.CreateShortUrl (TeenyWeenyURL)'
2025-08-07 12:20:13.563 +08:00 [INF] HTTP POST /api/ShortUrls/create-twurl responded 200 in 12.9719 ms
2025-08-07 12:20:13.564 +08:00 [INF] Request finished HTTP/1.1 POST http://localhost:5140/api/ShortUrls/create-twurl - 200 null application/json; charset=utf-8 15.7601ms
2025-08-07 12:20:13.712 +08:00 [INF] Request starting HTTP/1.1 POST http://localhost:5140/api/ShortUrls/create-twurl - application/json 102
2025-08-07 12:20:13.714 +08:00 [INF] CORS policy execution failed.
2025-08-07 12:20:13.714 +08:00 [INF] Request origin http://localhost:5140 does not have permission to access the resource.
2025-08-07 12:20:13.715 +08:00 [INF] Executing endpoint 'TeenyWeenyURL.Controller.ShortUrlsController.CreateShortUrl (TeenyWeenyURL)'
2025-08-07 12:20:13.716 +08:00 [INF] Route matched with {action = "CreateShortUrl", controller = "ShortUrls"}. Executing controller action with signature System.Threading.Tasks.Task`1[Microsoft.AspNetCore.Mvc.IActionResult] CreateShortUrl(TeenyWeenyURL.Model.DTO.CreateShortUrlRequest) on controller TeenyWeenyURL.Controller.ShortUrlsController (TeenyWeenyURL).
2025-08-07 12:20:13.720 +08:00 [INF] Creating short URL for user 1 with original URL: https://www.example.com/very-long-url-that-needs-to-be-shortened
2025-08-07 12:20:13.723 +08:00 [INF] Executed DbCommand (1ms) [Parameters=[@p0='?' (DbType = Int32), @p1='?' (DbType = DateTime), @p2='?', @p3='?', @p4='?' (DbType = Int32)], CommandType='"Text"', CommandTimeout='30']
INSERT INTO "ShortUrls" ("Clicks", "CreatedAt", "OriginalUrl", "ShortCode", "UserId")
VALUES (@p0, @p1, @p2, @p3, @p4)
RETURNING "Id";
2025-08-07 12:20:13.725 +08:00 [INF] Short URL created successfully for user 1 with code: cb6524
2025-08-07 12:20:13.727 +08:00 [INF] Executing OkObjectResult, writing value of type '<>f__AnonymousType3`1[[System.String, System.Private.CoreLib, Version=8.0.0.0, Culture=neutral, PublicKeyToken=7cec85d7bea7798e]]'.
2025-08-07 12:20:13.728 +08:00 [INF] Executed action TeenyWeenyURL.Controller.ShortUrlsController.CreateShortUrl (TeenyWeenyURL) in 8.1325ms
2025-08-07 12:20:13.729 +08:00 [INF] Executed endpoint 'TeenyWeenyURL.Controller.ShortUrlsController.CreateShortUrl (TeenyWeenyURL)'
2025-08-07 12:20:13.730 +08:00 [INF] HTTP POST /api/ShortUrls/create-twurl responded 200 in 16.2639 ms
2025-08-07 12:20:13.731 +08:00 [INF] Request finished HTTP/1.1 POST http://localhost:5140/api/ShortUrls/create-twurl - 200 null application/json; charset=utf-8 19.2047ms
2025-08-07 12:20:13.861 +08:00 [INF] Request starting HTTP/1.1 POST http://localhost:5140/api/ShortUrls/create-twurl - application/json 102
2025-08-07 12:20:13.863 +08:00 [INF] CORS policy execution failed.
2025-08-07 12:20:13.864 +08:00 [INF] Request origin http://localhost:5140 does not have permission to access the resource.
2025-08-07 12:20:13.865 +08:00 [INF] Executing endpoint 'TeenyWeenyURL.Controller.ShortUrlsController.CreateShortUrl (TeenyWeenyURL)'
2025-08-07 12:20:13.866 +08:00 [INF] Route matched with {action = "CreateShortUrl", controller = "ShortUrls"}. Executing controller action with signature System.Threading.Tasks.Task`1[Microsoft.AspNetCore.Mvc.IActionResult] CreateShortUrl(TeenyWeenyURL.Model.DTO.CreateShortUrlRequest) on controller TeenyWeenyURL.Controller.ShortUrlsController (TeenyWeenyURL).
2025-08-07 12:20:13.869 +08:00 [INF] Creating short URL for user 1 with original URL: https://www.example.com/very-long-url-that-needs-to-be-shortened
2025-08-07 12:20:13.872 +08:00 [INF] Executed DbCommand (1ms) [Parameters=[@p0='?' (DbType = Int32), @p1='?' (DbType = DateTime), @p2='?', @p3='?', @p4='?' (DbType = Int32)], CommandType='"Text"', CommandTimeout='30']
INSERT INTO "ShortUrls" ("Clicks", "CreatedAt", "OriginalUrl", "ShortCode", "UserId")
VALUES (@p0, @p1, @p2, @p3, @p4)
RETURNING "Id";
2025-08-07 12:20:13.873 +08:00 [INF] Short URL created successfully for user 1 with code: 1988e2
2025-08-07 12:20:13.874 +08:00 [INF] Executing OkObjectResult, writing value of type '<>f__AnonymousType3`1[[System.String, System.Private.CoreLib, Version=8.0.0.0, Culture=neutral, PublicKeyToken=7cec85d7bea7798e]]'.
2025-08-07 12:20:13.875 +08:00 [INF] Executed action TeenyWeenyURL.Controller.ShortUrlsController.CreateShortUrl (TeenyWeenyURL) in 8.0413ms
2025-08-07 12:20:13.876 +08:00 [INF] Executed endpoint 'TeenyWeenyURL.Controller.ShortUrlsController.CreateShortUrl (TeenyWeenyURL)'
2025-08-07 12:20:13.877 +08:00 [INF] HTTP POST /api/ShortUrls/create-twurl responded 200 in 13.5242 ms
2025-08-07 12:20:13.878 +08:00 [INF] Request finished HTTP/1.1 POST http://localhost:5140/api/ShortUrls/create-twurl - 200 null application/json; charset=utf-8 16.1466ms
2025-08-07 12:20:14.022 +08:00 [INF] Request starting HTTP/1.1 POST http://localhost:5140/api/ShortUrls/create-twurl - application/json 102
2025-08-07 12:20:14.024 +08:00 [INF] CORS policy execution failed.
2025-08-07 12:20:14.025 +08:00 [INF] Request origin http://localhost:5140 does not have permission to access the resource.
2025-08-07 12:20:14.026 +08:00 [INF] Executing endpoint 'TeenyWeenyURL.Controller.ShortUrlsController.CreateShortUrl (TeenyWeenyURL)'
2025-08-07 12:20:14.027 +08:00 [INF] Route matched with {action = "CreateShortUrl", controller = "ShortUrls"}. Executing controller action with signature System.Threading.Tasks.Task`1[Microsoft.AspNetCore.Mvc.IActionResult] CreateShortUrl(TeenyWeenyURL.Model.DTO.CreateShortUrlRequest) on controller TeenyWeenyURL.Controller.ShortUrlsController (TeenyWeenyURL).
2025-08-07 12:20:14.028 +08:00 [INF] Creating short URL for user 1 with original URL: https://www.example.com/very-long-url-that-needs-to-be-shortened
2025-08-07 12:20:14.030 +08:00 [INF] Executed DbCommand (1ms) [Parameters=[@p0='?' (DbType = Int32), @p1='?' (DbType = DateTime), @p2='?', @p3='?', @p4='?' (DbType = Int32)], CommandType='"Text"', CommandTimeout='30']
INSERT INTO "ShortUrls" ("Clicks", "CreatedAt", "OriginalUrl", "ShortCode", "UserId")
VALUES (@p0, @p1, @p2, @p3, @p4)
RETURNING "Id";
2025-08-07 12:20:14.032 +08:00 [INF] Short URL created successfully for user 1 with code: 818054
2025-08-07 12:20:14.033 +08:00 [INF] Executing OkObjectResult, writing value of type '<>f__AnonymousType3`1[[System.String, System.Private.CoreLib, Version=8.0.0.0, Culture=neutral, PublicKeyToken=7cec85d7bea7798e]]'.
2025-08-07 12:20:14.036 +08:00 [INF] Executed action TeenyWeenyURL.Controller.ShortUrlsController.CreateShortUrl (TeenyWeenyURL) in 7.8434ms
2025-08-07 12:20:14.037 +08:00 [INF] Executed endpoint 'TeenyWeenyURL.Controller.ShortUrlsController.CreateShortUrl (TeenyWeenyURL)'
2025-08-07 12:20:14.037 +08:00 [INF] HTTP POST /api/ShortUrls/create-twurl responded 200 in 13.3931 ms
2025-08-07 12:20:14.039 +08:00 [INF] Request finished HTTP/1.1 POST http://localhost:5140/api/ShortUrls/create-twurl - 200 null application/json; charset=utf-8 17.2638ms
2025-08-07 12:20:14.159 +08:00 [INF] Request starting HTTP/1.1 POST http://localhost:5140/api/ShortUrls/create-twurl - application/json 102
2025-08-07 12:20:14.161 +08:00 [INF] CORS policy execution failed.
2025-08-07 12:20:14.161 +08:00 [INF] Request origin http://localhost:5140 does not have permission to access the resource.
2025-08-07 12:20:14.164 +08:00 [INF] Executing endpoint 'TeenyWeenyURL.Controller.ShortUrlsController.CreateShortUrl (TeenyWeenyURL)'
2025-08-07 12:20:14.174 +08:00 [INF] Route matched with {action = "CreateShortUrl", controller = "ShortUrls"}. Executing controller action with signature System.Threading.Tasks.Task`1[Microsoft.AspNetCore.Mvc.IActionResult] CreateShortUrl(TeenyWeenyURL.Model.DTO.CreateShortUrlRequest) on controller TeenyWeenyURL.Controller.ShortUrlsController (TeenyWeenyURL).
2025-08-07 12:20:14.178 +08:00 [INF] Creating short URL for user 1 with original URL: https://www.example.com/very-long-url-that-needs-to-be-shortened
2025-08-07 12:20:14.180 +08:00 [INF] Executed DbCommand (1ms) [Parameters=[@p0='?' (DbType = Int32), @p1='?' (DbType = DateTime), @p2='?', @p3='?', @p4='?' (DbType = Int32)], CommandType='"Text"', CommandTimeout='30']
INSERT INTO "ShortUrls" ("Clicks", "CreatedAt", "OriginalUrl", "ShortCode", "UserId")
VALUES (@p0, @p1, @p2, @p3, @p4)
RETURNING "Id";
2025-08-07 12:20:14.182 +08:00 [INF] Short URL created successfully for user 1 with code: 614254
2025-08-07 12:20:14.182 +08:00 [INF] Executing OkObjectResult, writing value of type '<>f__AnonymousType3`1[[System.String, System.Private.CoreLib, Version=8.0.0.0, Culture=neutral, PublicKeyToken=7cec85d7bea7798e]]'.
2025-08-07 12:20:14.183 +08:00 [INF] Executed action TeenyWeenyURL.Controller.ShortUrlsController.CreateShortUrl (TeenyWeenyURL) in 5.6806ms
2025-08-07 12:20:14.185 +08:00 [INF] Executed endpoint 'TeenyWeenyURL.Controller.ShortUrlsController.CreateShortUrl (TeenyWeenyURL)'
2025-08-07 12:20:14.186 +08:00 [INF] HTTP POST /api/ShortUrls/create-twurl responded 200 in 25.6648 ms
2025-08-07 12:20:14.188 +08:00 [INF] Request finished HTTP/1.1 POST http://localhost:5140/api/ShortUrls/create-twurl - 200 null application/json; charset=utf-8 28.8539ms
2025-08-07 12:20:14.319 +08:00 [INF] Request starting HTTP/1.1 POST http://localhost:5140/api/ShortUrls/create-twurl - application/json 102
2025-08-07 12:20:14.321 +08:00 [INF] CORS policy execution failed.
2025-08-07 12:20:14.322 +08:00 [INF] Request origin http://localhost:5140 does not have permission to access the resource.
2025-08-07 12:20:14.323 +08:00 [INF] Executing endpoint 'TeenyWeenyURL.Controller.ShortUrlsController.CreateShortUrl (TeenyWeenyURL)'
2025-08-07 12:20:14.323 +08:00 [INF] Route matched with {action = "CreateShortUrl", controller = "ShortUrls"}. Executing controller action with signature System.Threading.Tasks.Task`1[Microsoft.AspNetCore.Mvc.IActionResult] CreateShortUrl(TeenyWeenyURL.Model.DTO.CreateShortUrlRequest) on controller TeenyWeenyURL.Controller.ShortUrlsController (TeenyWeenyURL).
2025-08-07 12:20:14.325 +08:00 [INF] Creating short URL for user 1 with original URL: https://www.example.com/very-long-url-that-needs-to-be-shortened
2025-08-07 12:20:14.328 +08:00 [INF] Executed DbCommand (1ms) [Parameters=[@p0='?' (DbType = Int32), @p1='?' (DbType = DateTime), @p2='?', @p3='?', @p4='?' (DbType = Int32)], CommandType='"Text"', CommandTimeout='30']
INSERT INTO "ShortUrls" ("Clicks", "CreatedAt", "OriginalUrl", "ShortCode", "UserId")
VALUES (@p0, @p1, @p2, @p3, @p4)
RETURNING "Id";
2025-08-07 12:20:14.329 +08:00 [INF] Short URL created successfully for user 1 with code: 070dba
2025-08-07 12:20:14.331 +08:00 [INF] Executing OkObjectResult, writing value of type '<>f__AnonymousType3`1[[System.String, System.Private.CoreLib, Version=8.0.0.0, Culture=neutral, PublicKeyToken=7cec85d7bea7798e]]'.
2025-08-07 12:20:14.332 +08:00 [INF] Executed action TeenyWeenyURL.Controller.ShortUrlsController.CreateShortUrl (TeenyWeenyURL) in 7.7805ms
2025-08-07 12:20:14.333 +08:00 [INF] Executed endpoint 'TeenyWeenyURL.Controller.ShortUrlsController.CreateShortUrl (TeenyWeenyURL)'
2025-08-07 12:20:14.336 +08:00 [INF] HTTP POST /api/ShortUrls/create-twurl responded 200 in 15.8732 ms
2025-08-07 12:20:14.338 +08:00 [INF] Request finished HTTP/1.1 POST http://localhost:5140/api/ShortUrls/create-twurl - 200 null application/json; charset=utf-8 19.7134ms
2025-08-07 12:20:14.466 +08:00 [INF] Request starting HTTP/1.1 POST http://localhost:5140/api/ShortUrls/create-twurl - application/json 102
2025-08-07 12:20:14.469 +08:00 [INF] CORS policy execution failed.
2025-08-07 12:20:14.469 +08:00 [INF] Request origin http://localhost:5140 does not have permission to access the resource.
2025-08-07 12:20:14.471 +08:00 [INF] Executing endpoint 'TeenyWeenyURL.Controller.ShortUrlsController.CreateShortUrl (TeenyWeenyURL)'
2025-08-07 12:20:14.472 +08:00 [INF] Route matched with {action = "CreateShortUrl", controller = "ShortUrls"}. Executing controller action with signature System.Threading.Tasks.Task`1[Microsoft.AspNetCore.Mvc.IActionResult] CreateShortUrl(TeenyWeenyURL.Model.DTO.CreateShortUrlRequest) on controller TeenyWeenyURL.Controller.ShortUrlsController (TeenyWeenyURL).
2025-08-07 12:20:14.473 +08:00 [INF] Creating short URL for user 1 with original URL: https://www.example.com/very-long-url-that-needs-to-be-shortened
2025-08-07 12:20:14.476 +08:00 [INF] Executed DbCommand (1ms) [Parameters=[@p0='?' (DbType = Int32), @p1='?' (DbType = DateTime), @p2='?', @p3='?', @p4='?' (DbType = Int32)], CommandType='"Text"', CommandTimeout='30']
INSERT INTO "ShortUrls" ("Clicks", "CreatedAt", "OriginalUrl", "ShortCode", "UserId")
VALUES (@p0, @p1, @p2, @p3, @p4)
RETURNING "Id";
2025-08-07 12:20:14.478 +08:00 [INF] Short URL created successfully for user 1 with code: aa42ca
2025-08-07 12:20:14.478 +08:00 [INF] Executing OkObjectResult, writing value of type '<>f__AnonymousType3`1[[System.String, System.Private.CoreLib, Version=8.0.0.0, Culture=neutral, PublicKeyToken=7cec85d7bea7798e]]'.
2025-08-07 12:20:14.479 +08:00 [INF] Executed action TeenyWeenyURL.Controller.ShortUrlsController.CreateShortUrl (TeenyWeenyURL) in 6.3598ms
2025-08-07 12:20:14.480 +08:00 [INF] Executed endpoint 'TeenyWeenyURL.Controller.ShortUrlsController.CreateShortUrl (TeenyWeenyURL)'
2025-08-07 12:20:14.481 +08:00 [INF] HTTP POST /api/ShortUrls/create-twurl responded 200 in 12.5768 ms
2025-08-07 12:20:14.482 +08:00 [INF] Request finished HTTP/1.1 POST http://localhost:5140/api/ShortUrls/create-twurl - 200 null application/json; charset=utf-8 15.9104ms
2025-08-07 12:20:14.589 +08:00 [INF] Request starting HTTP/1.1 POST http://localhost:5140/api/ShortUrls/create-twurl - application/json 102
2025-08-07 12:20:14.591 +08:00 [INF] CORS policy execution failed.
2025-08-07 12:20:14.592 +08:00 [INF] Request origin http://localhost:5140 does not have permission to access the resource.
2025-08-07 12:20:14.593 +08:00 [INF] Executing endpoint 'TeenyWeenyURL.Controller.ShortUrlsController.CreateShortUrl (TeenyWeenyURL)'
2025-08-07 12:20:14.593 +08:00 [INF] Route matched with {action = "CreateShortUrl", controller = "ShortUrls"}. Executing controller action with signature System.Threading.Tasks.Task`1[Microsoft.AspNetCore.Mvc.IActionResult] CreateShortUrl(TeenyWeenyURL.Model.DTO.CreateShortUrlRequest) on controller TeenyWeenyURL.Controller.ShortUrlsController (TeenyWeenyURL).
2025-08-07 12:20:14.595 +08:00 [INF] Creating short URL for user 1 with original URL: https://www.example.com/very-long-url-that-needs-to-be-shortened
2025-08-07 12:20:14.597 +08:00 [INF] Executed DbCommand (1ms) [Parameters=[@p0='?' (DbType = Int32), @p1='?' (DbType = DateTime), @p2='?', @p3='?', @p4='?' (DbType = Int32)], CommandType='"Text"', CommandTimeout='30']
INSERT INTO "ShortUrls" ("Clicks", "CreatedAt", "OriginalUrl", "ShortCode", "UserId")
VALUES (@p0, @p1, @p2, @p3, @p4)
RETURNING "Id";
2025-08-07 12:20:14.599 +08:00 [INF] Short URL created successfully for user 1 with code: c5cb55
2025-08-07 12:20:14.600 +08:00 [INF] Executing OkObjectResult, writing value of type '<>f__AnonymousType3`1[[System.String, System.Private.CoreLib, Version=8.0.0.0, Culture=neutral, PublicKeyToken=7cec85d7bea7798e]]'.
2025-08-07 12:20:14.604 +08:00 [INF] Executed action TeenyWeenyURL.Controller.ShortUrlsController.CreateShortUrl (TeenyWeenyURL) in 8.8977ms
2025-08-07 12:20:14.605 +08:00 [INF] Executed endpoint 'TeenyWeenyURL.Controller.ShortUrlsController.CreateShortUrl (TeenyWeenyURL)'
2025-08-07 12:20:14.606 +08:00 [INF] HTTP POST /api/ShortUrls/create-twurl responded 200 in 14.8157 ms
2025-08-07 12:20:14.607 +08:00 [INF] Request finished HTTP/1.1 POST http://localhost:5140/api/ShortUrls/create-twurl - 200 null application/json; charset=utf-8 17.8428ms
2025-08-07 12:20:14.736 +08:00 [INF] Request starting HTTP/1.1 POST http://localhost:5140/api/ShortUrls/create-twurl - application/json 102
2025-08-07 12:20:14.738 +08:00 [INF] CORS policy execution failed.
2025-08-07 12:20:14.739 +08:00 [INF] Request origin http://localhost:5140 does not have permission to access the resource.
2025-08-07 12:20:14.740 +08:00 [INF] Executing endpoint 'TeenyWeenyURL.Controller.ShortUrlsController.CreateShortUrl (TeenyWeenyURL)'
2025-08-07 12:20:14.740 +08:00 [INF] Route matched with {action = "CreateShortUrl", controller = "ShortUrls"}. Executing controller action with signature System.Threading.Tasks.Task`1[Microsoft.AspNetCore.Mvc.IActionResult] CreateShortUrl(TeenyWeenyURL.Model.DTO.CreateShortUrlRequest) on controller TeenyWeenyURL.Controller.ShortUrlsController (TeenyWeenyURL).
2025-08-07 12:20:14.742 +08:00 [INF] Creating short URL for user 1 with original URL: https://www.example.com/very-long-url-that-needs-to-be-shortened
2025-08-07 12:20:14.745 +08:00 [INF] Executed DbCommand (1ms) [Parameters=[@p0='?' (DbType = Int32), @p1='?' (DbType = DateTime), @p2='?', @p3='?', @p4='?' (DbType = Int32)], CommandType='"Text"', CommandTimeout='30']
INSERT INTO "ShortUrls" ("Clicks", "CreatedAt", "OriginalUrl", "ShortCode", "UserId")
VALUES (@p0, @p1, @p2, @p3, @p4)
RETURNING "Id";
2025-08-07 12:20:14.746 +08:00 [INF] Short URL created successfully for user 1 with code: 670e78
2025-08-07 12:20:14.747 +08:00 [INF] Executing OkObjectResult, writing value of type '<>f__AnonymousType3`1[[System.String, System.Private.CoreLib, Version=8.0.0.0, Culture=neutral, PublicKeyToken=7cec85d7bea7798e]]'.
2025-08-07 12:20:14.748 +08:00 [INF] Executed action TeenyWeenyURL.Controller.ShortUrlsController.CreateShortUrl (TeenyWeenyURL) in 6.2339ms
2025-08-07 12:20:14.749 +08:00 [INF] Executed endpoint 'TeenyWeenyURL.Controller.ShortUrlsController.CreateShortUrl (TeenyWeenyURL)'
2025-08-07 12:20:14.750 +08:00 [INF] HTTP POST /api/ShortUrls/create-twurl responded 200 in 11.8700 ms
2025-08-07 12:20:14.755 +08:00 [INF] Request finished HTTP/1.1 POST http://localhost:5140/api/ShortUrls/create-twurl - 200 null application/json; charset=utf-8 18.7714ms
2025-08-07 12:20:18.712 +08:00 [INF] Request starting HTTP/1.1 GET http://localhost:5140/api/ShortUrls/all-urls?page=1&pageSize=10 - null null
2025-08-07 12:20:18.715 +08:00 [INF] Executing endpoint 'TeenyWeenyURL.Controller.ShortUrlsController.GetShortUrlPerUserId (TeenyWeenyURL)'
2025-08-07 12:20:18.727 +08:00 [INF] Route matched with {action = "GetShortUrlPerUserId", controller = "ShortUrls"}. Executing controller action with signature System.Threading.Tasks.Task`1[Microsoft.AspNetCore.Mvc.IActionResult] GetShortUrlPerUserId(Int32, Int32) on controller TeenyWeenyURL.Controller.ShortUrlsController (TeenyWeenyURL).
2025-08-07 12:20:18.732 +08:00 [INF] Retrieving short URLs for user 1 - Page: 1, PageSize: 10
2025-08-07 12:20:18.735 +08:00 [INF] Executed DbCommand (2ms) [Parameters=[@__id_0='?' (DbType = Int32)], CommandType='"Text"', CommandTimeout='30']
SELECT count(*)::int
FROM "ShortUrls" AS s
WHERE s."UserId" = @__id_0
2025-08-07 12:20:18.739 +08:00 [INF] Executed DbCommand (1ms) [Parameters=[@__id_0='?' (DbType = Int32), @__p_2='?' (DbType = Int32), @__p_1='?' (DbType = Int32)], CommandType='"Text"', CommandTimeout='30']
SELECT s."ShortCode", s."OriginalUrl", s."Clicks", s."CreatedAt"
FROM "ShortUrls" AS s
WHERE s."UserId" = @__id_0
ORDER BY s."CreatedAt" DESC
LIMIT @__p_2 OFFSET @__p_1
2025-08-07 12:20:18.742 +08:00 [INF] Retrieved 10 short URLs for user 1 (Page 1 of 4)
2025-08-07 12:20:18.743 +08:00 [INF] Executing OkObjectResult, writing value of type 'TeenyWeenyURL.Model.DTO.PaginatedUrlsResponse`1[[TeenyWeenyURL.Model.DTO.ShortUrlResponse, TeenyWeenyURL, Version=1.0.0.0, Culture=neutral, PublicKeyToken=null]]'.
2025-08-07 12:20:18.756 +08:00 [INF] Executed action TeenyWeenyURL.Controller.ShortUrlsController.GetShortUrlPerUserId (TeenyWeenyURL) in 24.4242ms
2025-08-07 12:20:18.757 +08:00 [INF] Executed endpoint 'TeenyWeenyURL.Controller.ShortUrlsController.GetShortUrlPerUserId (TeenyWeenyURL)'
2025-08-07 12:20:18.758 +08:00 [INF] HTTP GET /api/ShortUrls/all-urls responded 200 in 43.5440 ms
2025-08-07 12:20:18.759 +08:00 [INF] Request finished HTTP/1.1 GET http://localhost:5140/api/ShortUrls/all-urls?page=1&pageSize=10 - 200 null application/json; charset=utf-8 47.2107ms
2025-08-07 12:20:26.413 +08:00 [INF] Request starting HTTP/1.1 GET http://localhost:5140/api/ShortUrls/all-urls?page=4&pageSize=10 - null null
2025-08-07 12:20:26.415 +08:00 [INF] Executing endpoint 'TeenyWeenyURL.Controller.ShortUrlsController.GetShortUrlPerUserId (TeenyWeenyURL)'
2025-08-07 12:20:26.415 +08:00 [INF] Route matched with {action = "GetShortUrlPerUserId", controller = "ShortUrls"}. Executing controller action with signature System.Threading.Tasks.Task`1[Microsoft.AspNetCore.Mvc.IActionResult] GetShortUrlPerUserId(Int32, Int32) on controller TeenyWeenyURL.Controller.ShortUrlsController (TeenyWeenyURL).
2025-08-07 12:20:26.418 +08:00 [INF] Retrieving short URLs for user 1 - Page: 4, PageSize: 10
2025-08-07 12:20:26.421 +08:00 [INF] Executed DbCommand (2ms) [Parameters=[@__id_0='?' (DbType = Int32)], CommandType='"Text"', CommandTimeout='30']
SELECT count(*)::int
FROM "ShortUrls" AS s
WHERE s."UserId" = @__id_0
2025-08-07 12:20:26.424 +08:00 [INF] Executed DbCommand (1ms) [Parameters=[@__id_0='?' (DbType = Int32), @__p_2='?' (DbType = Int32), @__p_1='?' (DbType = Int32)], CommandType='"Text"', CommandTimeout='30']
SELECT s."ShortCode", s."OriginalUrl", s."Clicks", s."CreatedAt"
FROM "ShortUrls" AS s
WHERE s."UserId" = @__id_0
ORDER BY s."CreatedAt" DESC
LIMIT @__p_2 OFFSET @__p_1
2025-08-07 12:20:26.427 +08:00 [INF] Retrieved 3 short URLs for user 1 (Page 4 of 4)
2025-08-07 12:20:26.429 +08:00 [INF] Executing OkObjectResult, writing value of type 'TeenyWeenyURL.Model.DTO.PaginatedUrlsResponse`1[[TeenyWeenyURL.Model.DTO.ShortUrlResponse, TeenyWeenyURL, Version=1.0.0.0, Culture=neutral, PublicKeyToken=null]]'.
2025-08-07 12:20:26.430 +08:00 [INF] Executed action TeenyWeenyURL.Controller.ShortUrlsController.GetShortUrlPerUserId (TeenyWeenyURL) in 12.7365ms
2025-08-07 12:20:26.431 +08:00 [INF] Executed endpoint 'TeenyWeenyURL.Controller.ShortUrlsController.GetShortUrlPerUserId (TeenyWeenyURL)'
2025-08-07 12:20:26.432 +08:00 [INF] HTTP GET /api/ShortUrls/all-urls responded 200 in 17.2408 ms
2025-08-07 12:20:26.433 +08:00 [INF] Request finished HTTP/1.1 GET http://localhost:5140/api/ShortUrls/all-urls?page=4&pageSize=10 - 200 null application/json; charset=utf-8 20.1574ms
2025-08-07 12:20:34.100 +08:00 [INF] Request starting HTTP/1.1 GET http://localhost:5140/api/ShortUrls/all-urls?page=5&pageSize=10 - null null
2025-08-07 12:20:34.102 +08:00 [INF] Executing endpoint 'TeenyWeenyURL.Controller.ShortUrlsController.GetShortUrlPerUserId (TeenyWeenyURL)'
2025-08-07 12:20:34.103 +08:00 [INF] Route matched with {action = "GetShortUrlPerUserId", controller = "ShortUrls"}. Executing controller action with signature System.Threading.Tasks.Task`1[Microsoft.AspNetCore.Mvc.IActionResult] GetShortUrlPerUserId(Int32, Int32) on controller TeenyWeenyURL.Controller.ShortUrlsController (TeenyWeenyURL).
2025-08-07 12:20:34.114 +08:00 [INF] Retrieving short URLs for user 1 - Page: 5, PageSize: 10
2025-08-07 12:20:34.121 +08:00 [INF] Executed DbCommand (2ms) [Parameters=[@__id_0='?' (DbType = Int32)], CommandType='"Text"', CommandTimeout='30']
SELECT count(*)::int
FROM "ShortUrls" AS s
WHERE s."UserId" = @__id_0
2025-08-07 12:20:34.123 +08:00 [INF] Executed DbCommand (1ms) [Parameters=[@__id_0='?' (DbType = Int32), @__p_2='?' (DbType = Int32), @__p_1='?' (DbType = Int32)], CommandType='"Text"', CommandTimeout='30']
SELECT s."ShortCode", s."OriginalUrl", s."Clicks", s."CreatedAt"
FROM "ShortUrls" AS s
WHERE s."UserId" = @__id_0
ORDER BY s."CreatedAt" DESC
LIMIT @__p_2 OFFSET @__p_1
2025-08-07 12:20:34.124 +08:00 [INF] No short URLs found for user 1
2025-08-07 12:20:34.125 +08:00 [INF] Executing NotFoundObjectResult, writing value of type '<>f__AnonymousType0`1[[System.String, System.Private.CoreLib, Version=8.0.0.0, Culture=neutral, PublicKeyToken=7cec85d7bea7798e]]'.
2025-08-07 12:20:34.126 +08:00 [INF] Executed action TeenyWeenyURL.Controller.ShortUrlsController.GetShortUrlPerUserId (TeenyWeenyURL) in 12.8973ms
2025-08-07 12:20:34.127 +08:00 [INF] Executed endpoint 'TeenyWeenyURL.Controller.ShortUrlsController.GetShortUrlPerUserId (TeenyWeenyURL)'
2025-08-07 12:20:34.127 +08:00 [INF] HTTP GET /api/ShortUrls/all-urls responded 404 in 25.6176 ms
2025-08-07 12:20:34.129 +08:00 [INF] Request finished HTTP/1.1 GET http://localhost:5140/api/ShortUrls/all-urls?page=5&pageSize=10 - 404 null application/json; charset=utf-8 28.7059ms
2025-08-07 12:20:38.800 +08:00 [INF] Request starting HTTP/1.1 GET http://localhost:5140/api/ShortUrls/all-urls?page=2&pageSize=10 - null null
2025-08-07 12:20:38.803 +08:00 [INF] Executing endpoint 'TeenyWeenyURL.Controller.ShortUrlsController.GetShortUrlPerUserId (TeenyWeenyURL)'
2025-08-07 12:20:38.803 +08:00 [INF] Route matched with {action = "GetShortUrlPerUserId", controller = "ShortUrls"}. Executing controller action with signature System.Threading.Tasks.Task`1[Microsoft.AspNetCore.Mvc.IActionResult] GetShortUrlPerUserId(Int32, Int32) on controller TeenyWeenyURL.Controller.ShortUrlsController (TeenyWeenyURL).
2025-08-07 12:20:38.805 +08:00 [INF] Retrieving short URLs for user 1 - Page: 2, PageSize: 10
2025-08-07 12:20:38.807 +08:00 [INF] Executed DbCommand (1ms) [Parameters=[@__id_0='?' (DbType = Int32)], CommandType='"Text"', CommandTimeout='30']
SELECT count(*)::int
FROM "ShortUrls" AS s
WHERE s."UserId" = @__id_0
2025-08-07 12:20:38.814 +08:00 [INF] Executed DbCommand (1ms) [Parameters=[@__id_0='?' (DbType = Int32), @__p_1='?' (DbType = Int32)], CommandType='"Text"', CommandTimeout='30']
SELECT s."ShortCode", s."OriginalUrl", s."Clicks", s."CreatedAt"
FROM "ShortUrls" AS s
WHERE s."UserId" = @__id_0
ORDER BY s."CreatedAt" DESC
LIMIT @__p_1 OFFSET @__p_1
2025-08-07 12:20:38.815 +08:00 [INF] Retrieved 10 short URLs for user 1 (Page 2 of 4)
2025-08-07 12:20:38.819 +08:00 [INF] Executing OkObjectResult, writing value of type 'TeenyWeenyURL.Model.DTO.PaginatedUrlsResponse`1[[TeenyWeenyURL.Model.DTO.ShortUrlResponse, TeenyWeenyURL, Version=1.0.0.0, Culture=neutral, PublicKeyToken=null]]'.
2025-08-07 12:20:38.820 +08:00 [INF] Executed action TeenyWeenyURL.Controller.ShortUrlsController.GetShortUrlPerUserId (TeenyWeenyURL) in 14.9675ms
2025-08-07 12:20:38.821 +08:00 [INF] Executed endpoint 'TeenyWeenyURL.Controller.ShortUrlsController.GetShortUrlPerUserId (TeenyWeenyURL)'
2025-08-07 12:20:38.821 +08:00 [INF] HTTP GET /api/ShortUrls/all-urls responded 200 in 19.0387 ms
2025-08-07 12:20:38.823 +08:00 [INF] Request finished HTTP/1.1 GET http://localhost:5140/api/ShortUrls/all-urls?page=2&pageSize=10 - 200 null application/json; charset=utf-8 22.9168ms
2025-08-07 12:20:59.551 +08:00 [INF] Application is shutting down...
